<<<<<<< HEAD
ARM GAS  C:\DOCUME~1\Admin\LOCALS~1\Temp\cct2vSzt.s 			page 1
=======
ARM GAS  C:\Users\Petro\AppData\Local\Temp\ccT2nlhk.s 			page 1
>>>>>>> kodizhuk/master


   1              		.cpu cortex-m0
   2              		.fpu softvfp
   3              		.eabi_attribute 20, 1
   4              		.eabi_attribute 21, 1
   5              		.eabi_attribute 23, 3
   6              		.eabi_attribute 24, 1
   7              		.eabi_attribute 25, 1
   8              		.eabi_attribute 26, 1
   9              		.eabi_attribute 30, 6
  10              		.eabi_attribute 34, 0
  11              		.eabi_attribute 18, 4
  12              		.code	16
  13              		.file	"gate.c"
  14              		.text
  15              	.Ltext0:
  16              		.cfi_sections	.debug_frame
  17              		.bss
  18              		.align	3
  19              	savedUnixTime:
  20 0000 00000000 		.space	8
  20      00000000 
  21              		.align	2
  22              	savedRecentMs:
  23 0008 00000000 		.space	4
  24              		.align	2
  25              	gateOpen:
  26 000c 00000000 		.space	4
  27              		.section	.text.GATE_INTERRUPT,"ax",%progbits
  28              		.align	2
  29              		.global	GATE_INTERRUPT
  30              		.code	16
  31              		.thumb_func
  32              		.type	GATE_INTERRUPT, %function
  33              	GATE_INTERRUPT:
  34              	.LFB28:
  35              		.file 1 ".\\lib_Gate\\gate.c"
   1:.\lib_Gate/gate.c **** #include "lib_Gate\gate.h"
   2:.\lib_Gate/gate.c **** #include <GatePin.h>
   3:.\lib_Gate/gate.c **** #include <GATE_INT.h>
   4:.\lib_Gate/gate.c **** #include "lib_RTC\RTC_WDT.h"
   5:.\lib_Gate/gate.c **** 
   6:.\lib_Gate/gate.c **** static uint64_t savedUnixTime;
   7:.\lib_Gate/gate.c **** static uint32_t savedRecentMs;
   8:.\lib_Gate/gate.c **** static uint32_t gateOpen ;
   9:.\lib_Gate/gate.c **** 
  10:.\lib_Gate/gate.c **** 
  11:.\lib_Gate/gate.c **** /*gate interrupt*/
  12:.\lib_Gate/gate.c **** CY_ISR(GATE_INTERRUPT)
  13:.\lib_Gate/gate.c **** {   
  36              		.loc 1 13 0
  37              		.cfi_startproc
  38 0000 98B5     		push	{r3, r4, r7, lr}
  39              		.cfi_def_cfa_offset 16
<<<<<<< HEAD
ARM GAS  C:\DOCUME~1\Admin\LOCALS~1\Temp\cct2vSzt.s 			page 2


=======
>>>>>>> kodizhuk/master
  40              		.cfi_offset 3, -16
  41              		.cfi_offset 4, -12
  42              		.cfi_offset 7, -8
  43              		.cfi_offset 14, -4
ARM GAS  C:\Users\Petro\AppData\Local\Temp\ccT2nlhk.s 			page 2


  44 0002 00AF     		add	r7, sp, #0
  45              		.cfi_def_cfa_register 7
  14:.\lib_Gate/gate.c ****     GATE_INT_Disable();
  46              		.loc 1 14 0
  47 0004 FFF7FEFF 		bl	GATE_INT_Disable
  15:.\lib_Gate/gate.c ****     
  16:.\lib_Gate/gate.c ****     gateOpen = GATE_OPEN;    
  48              		.loc 1 16 0
  49 0008 094B     		ldr	r3, .L2
  50 000a 0122     		mov	r2, #1
  51 000c 1A60     		str	r2, [r3]
  17:.\lib_Gate/gate.c **** 
  18:.\lib_Gate/gate.c ****     savedUnixTime = RTCGetUnixTime();
  52              		.loc 1 18 0
  53 000e FFF7FEFF 		bl	RTCGetUnixTime
  54 0012 031C     		mov	r3, r0
  55 0014 0C1C     		mov	r4, r1
  56 0016 074A     		ldr	r2, .L2+4
  57 0018 1360     		str	r3, [r2]
  58 001a 5460     		str	r4, [r2, #4]
  19:.\lib_Gate/gate.c ****     savedRecentMs = RTCgetRecentMs();
  59              		.loc 1 19 0
  60 001c FFF7FEFF 		bl	RTCgetRecentMs
  61 0020 021C     		mov	r2, r0
  62 0022 054B     		ldr	r3, .L2+8
  63 0024 1A60     		str	r2, [r3]
<<<<<<< HEAD
  24:.\lib_Gate/gate.c ****     
  25:.\lib_Gate/gate.c ****     GatePin_ClearInterrupt();
  64              		.loc 1 25 0
  65 0026 FFF7FEFF 		bl	GatePin_ClearInterrupt
  26:.\lib_Gate/gate.c ****     GATE_INT_ClearPending();   
  66              		.loc 1 26 0
  67 002a FFF7FEFF 		bl	GATE_INT_ClearPending
  27:.\lib_Gate/gate.c **** }
  68              		.loc 1 27 0
  69 002e BD46     		mov	sp, r7
  70              		@ sp needed
  71 0030 98BD     		pop	{r3, r4, r7, pc}
  72              	.L3:
  73 0032 C046     		.align	2
  74              	.L2:
  75 0034 0C000000 		.word	gateOpen
  76 0038 00000000 		.word	savedUnixTime
  77 003c 08000000 		.word	savedRecentMs
  78              		.cfi_endproc
  79              	.LFE28:
  80              		.size	GATE_INTERRUPT, .-GATE_INTERRUPT
  81              		.section	.text.GateInit,"ax",%progbits
  82              		.align	2
  83              		.global	GateInit
  84              		.code	16
  85              		.thumb_func
  86              		.type	GateInit, %function
ARM GAS  C:\DOCUME~1\Admin\LOCALS~1\Temp\cct2vSzt.s 			page 3


  87              	GateInit:
  88              	.LFB29:
  28:.\lib_Gate/gate.c **** 
  29:.\lib_Gate/gate.c **** 
  30:.\lib_Gate/gate.c **** void GateInit(void)
  31:.\lib_Gate/gate.c **** {
  89              		.loc 1 31 0
  90              		.cfi_startproc
  91 0000 80B5     		push	{r7, lr}
  92              		.cfi_def_cfa_offset 8
  93              		.cfi_offset 7, -8
  94              		.cfi_offset 14, -4
  95 0002 00AF     		add	r7, sp, #0
  96              		.cfi_def_cfa_register 7
  32:.\lib_Gate/gate.c ****     GatePin_ClearInterrupt();
  97              		.loc 1 32 0
  98 0004 FFF7FEFF 		bl	GatePin_ClearInterrupt
  33:.\lib_Gate/gate.c ****     GATE_INT_ClearPending();
  99              		.loc 1 33 0
 100 0008 FFF7FEFF 		bl	GATE_INT_ClearPending
  34:.\lib_Gate/gate.c ****     GATE_INT_StartEx(GATE_INTERRUPT); 
 101              		.loc 1 34 0
 102 000c 054B     		ldr	r3, .L5
 103 000e 181C     		mov	r0, r3
 104 0010 FFF7FEFF 		bl	GATE_INT_StartEx
  35:.\lib_Gate/gate.c ****     GATE_INT_Disable();
 105              		.loc 1 35 0
 106 0014 FFF7FEFF 		bl	GATE_INT_Disable
  36:.\lib_Gate/gate.c ****     
  37:.\lib_Gate/gate.c ****     gateOpen = GATE_CLOSE;     
 107              		.loc 1 37 0
 108 0018 034B     		ldr	r3, .L5+4
 109 001a 0022     		mov	r2, #0
 110 001c 1A60     		str	r2, [r3]
  38:.\lib_Gate/gate.c **** }
 111              		.loc 1 38 0
 112 001e BD46     		mov	sp, r7
 113              		@ sp needed
 114 0020 80BD     		pop	{r7, pc}
 115              	.L6:
 116 0022 C046     		.align	2
 117              	.L5:
 118 0024 00000000 		.word	GATE_INTERRUPT
 119 0028 0C000000 		.word	gateOpen
 120              		.cfi_endproc
 121              	.LFE29:
 122              		.size	GateInit, .-GateInit
 123              		.section	.text.GateIsOpen,"ax",%progbits
 124              		.align	2
 125              		.global	GateIsOpen
 126              		.code	16
 127              		.thumb_func
 128              		.type	GateIsOpen, %function
 129              	GateIsOpen:
 130              	.LFB30:
  39:.\lib_Gate/gate.c **** 
  40:.\lib_Gate/gate.c **** 
ARM GAS  C:\DOCUME~1\Admin\LOCALS~1\Temp\cct2vSzt.s 			page 4


  41:.\lib_Gate/gate.c **** /*******************************************************************************
  42:.\lib_Gate/gate.c **** * Function Name: GateOpen
  43:.\lib_Gate/gate.c **** ********************************************************************************
  44:.\lib_Gate/gate.c **** *
  45:.\lib_Gate/gate.c **** * * verification or gate closed
  46:.\lib_Gate/gate.c **** *
  47:.\lib_Gate/gate.c **** * Return:
  48:.\lib_Gate/gate.c **** *  GATE_CLOSE or GATE_OPEN
  49:.\lib_Gate/gate.c **** *******************************************************************************/
  50:.\lib_Gate/gate.c **** uint32_t GateIsOpen(void)
  51:.\lib_Gate/gate.c **** {   
 131              		.loc 1 51 0
 132              		.cfi_startproc
 133 0000 80B5     		push	{r7, lr}
 134              		.cfi_def_cfa_offset 8
 135              		.cfi_offset 7, -8
 136              		.cfi_offset 14, -4
 137 0002 82B0     		sub	sp, sp, #8
 138              		.cfi_def_cfa_offset 16
 139 0004 00AF     		add	r7, sp, #0
 140              		.cfi_def_cfa_register 7
  52:.\lib_Gate/gate.c ****     uint32_t result;
  53:.\lib_Gate/gate.c ****     
  54:.\lib_Gate/gate.c ****     result = gateOpen;
 141              		.loc 1 54 0
 142 0006 054B     		ldr	r3, .L9
 143 0008 1B68     		ldr	r3, [r3]
 144 000a 7B60     		str	r3, [r7, #4]
  55:.\lib_Gate/gate.c ****     gateOpen = GATE_CLOSE;
 145              		.loc 1 55 0
 146 000c 034B     		ldr	r3, .L9
 147 000e 0022     		mov	r2, #0
 148 0010 1A60     		str	r2, [r3]
  56:.\lib_Gate/gate.c ****     
  57:.\lib_Gate/gate.c ****     return result;
 149              		.loc 1 57 0
 150 0012 7B68     		ldr	r3, [r7, #4]
  58:.\lib_Gate/gate.c **** }
 151              		.loc 1 58 0
 152 0014 181C     		mov	r0, r3
 153 0016 BD46     		mov	sp, r7
 154 0018 02B0     		add	sp, sp, #8
 155              		@ sp needed
 156 001a 80BD     		pop	{r7, pc}
 157              	.L10:
 158              		.align	2
 159              	.L9:
 160 001c 0C000000 		.word	gateOpen
 161              		.cfi_endproc
 162              	.LFE30:
 163              		.size	GateIsOpen, .-GateIsOpen
 164              		.section	.text.AllowNextSkier,"ax",%progbits
 165              		.align	2
 166              		.global	AllowNextSkier
 167              		.code	16
 168              		.thumb_func
 169              		.type	AllowNextSkier, %function
ARM GAS  C:\DOCUME~1\Admin\LOCALS~1\Temp\cct2vSzt.s 			page 5


 170              	AllowNextSkier:
 171              	.LFB31:
  59:.\lib_Gate/gate.c **** 
  60:.\lib_Gate/gate.c **** 
  61:.\lib_Gate/gate.c **** void AllowNextSkier(void)
  62:.\lib_Gate/gate.c **** {
 172              		.loc 1 62 0
 173              		.cfi_startproc
 174 0000 80B5     		push	{r7, lr}
 175              		.cfi_def_cfa_offset 8
 176              		.cfi_offset 7, -8
 177              		.cfi_offset 14, -4
 178 0002 00AF     		add	r7, sp, #0
 179              		.cfi_def_cfa_register 7
  63:.\lib_Gate/gate.c ****     gateOpen = GATE_CLOSE;
 180              		.loc 1 63 0
 181 0004 054B     		ldr	r3, .L12
 182 0006 0022     		mov	r2, #0
 183 0008 1A60     		str	r2, [r3]
  64:.\lib_Gate/gate.c ****      
  65:.\lib_Gate/gate.c ****     GatePin_ClearInterrupt();
 184              		.loc 1 65 0
 185 000a FFF7FEFF 		bl	GatePin_ClearInterrupt
  66:.\lib_Gate/gate.c ****     GATE_INT_ClearPending();
 186              		.loc 1 66 0
 187 000e FFF7FEFF 		bl	GATE_INT_ClearPending
  67:.\lib_Gate/gate.c ****     GATE_INT_Enable();   
 188              		.loc 1 67 0
 189 0012 FFF7FEFF 		bl	GATE_INT_Enable
  68:.\lib_Gate/gate.c **** }
 190              		.loc 1 68 0
 191 0016 BD46     		mov	sp, r7
 192              		@ sp needed
 193 0018 80BD     		pop	{r7, pc}
 194              	.L13:
 195 001a C046     		.align	2
 196              	.L12:
 197 001c 0C000000 		.word	gateOpen
 198              		.cfi_endproc
 199              	.LFE31:
 200              		.size	AllowNextSkier, .-AllowNextSkier
 201              		.section	.text.DisAllowNextSkier,"ax",%progbits
 202              		.align	2
 203              		.global	DisAllowNextSkier
 204              		.code	16
 205              		.thumb_func
 206              		.type	DisAllowNextSkier, %function
 207              	DisAllowNextSkier:
 208              	.LFB32:
  69:.\lib_Gate/gate.c **** 
  70:.\lib_Gate/gate.c **** void DisAllowNextSkier(void)
  71:.\lib_Gate/gate.c **** {
 209              		.loc 1 71 0
 210              		.cfi_startproc
 211 0000 80B5     		push	{r7, lr}
 212              		.cfi_def_cfa_offset 8
 213              		.cfi_offset 7, -8
ARM GAS  C:\DOCUME~1\Admin\LOCALS~1\Temp\cct2vSzt.s 			page 6


 214              		.cfi_offset 14, -4
 215 0002 00AF     		add	r7, sp, #0
 216              		.cfi_def_cfa_register 7
  72:.\lib_Gate/gate.c ****     gateOpen = GATE_CLOSE;
 217              		.loc 1 72 0
 218 0004 054B     		ldr	r3, .L15
 219 0006 0022     		mov	r2, #0
 220 0008 1A60     		str	r2, [r3]
  73:.\lib_Gate/gate.c ****      
  74:.\lib_Gate/gate.c ****     GatePin_ClearInterrupt();
 221              		.loc 1 74 0
 222 000a FFF7FEFF 		bl	GatePin_ClearInterrupt
  75:.\lib_Gate/gate.c ****     GATE_INT_ClearPending();
 223              		.loc 1 75 0
 224 000e FFF7FEFF 		bl	GATE_INT_ClearPending
  76:.\lib_Gate/gate.c ****     GATE_INT_Disable();   
 225              		.loc 1 76 0
 226 0012 FFF7FEFF 		bl	GATE_INT_Disable
  77:.\lib_Gate/gate.c **** }
 227              		.loc 1 77 0
 228 0016 BD46     		mov	sp, r7
 229              		@ sp needed
 230 0018 80BD     		pop	{r7, pc}
 231              	.L16:
 232 001a C046     		.align	2
 233              	.L15:
 234 001c 0C000000 		.word	gateOpen
 235              		.cfi_endproc
 236              	.LFE32:
 237              		.size	DisAllowNextSkier, .-DisAllowNextSkier
 238              		.section	.text.GetStartTime,"ax",%progbits
 239              		.align	2
 240              		.global	GetStartTime
 241              		.code	16
 242              		.thumb_func
 243              		.type	GetStartTime, %function
 244              	GetStartTime:
 245              	.LFB33:
  78:.\lib_Gate/gate.c **** 
  79:.\lib_Gate/gate.c **** void GetStartTime(uint64_t *unixTime,  uint32_t *recentMs)
  80:.\lib_Gate/gate.c **** {
 246              		.loc 1 80 0
 247              		.cfi_startproc
 248 0000 90B5     		push	{r4, r7, lr}
 249              		.cfi_def_cfa_offset 12
 250              		.cfi_offset 4, -12
 251              		.cfi_offset 7, -8
 252              		.cfi_offset 14, -4
 253 0002 83B0     		sub	sp, sp, #12
 254              		.cfi_def_cfa_offset 24
 255 0004 00AF     		add	r7, sp, #0
 256              		.cfi_def_cfa_register 7
 257 0006 7860     		str	r0, [r7, #4]
 258 0008 3960     		str	r1, [r7]
  81:.\lib_Gate/gate.c ****     *unixTime = savedUnixTime;
 259              		.loc 1 81 0
 260 000a 064B     		ldr	r3, .L18
ARM GAS  C:\DOCUME~1\Admin\LOCALS~1\Temp\cct2vSzt.s 			page 7


 261 000c 5C68     		ldr	r4, [r3, #4]
 262 000e 1B68     		ldr	r3, [r3]
 263 0010 7A68     		ldr	r2, [r7, #4]
 264 0012 1360     		str	r3, [r2]
 265 0014 5460     		str	r4, [r2, #4]
  82:.\lib_Gate/gate.c ****     *recentMs = savedRecentMs;
 266              		.loc 1 82 0
 267 0016 044B     		ldr	r3, .L18+4
 268 0018 1A68     		ldr	r2, [r3]
 269 001a 3B68     		ldr	r3, [r7]
 270 001c 1A60     		str	r2, [r3]
  83:.\lib_Gate/gate.c **** }
 271              		.loc 1 83 0
 272 001e BD46     		mov	sp, r7
 273 0020 03B0     		add	sp, sp, #12
 274              		@ sp needed
 275 0022 90BD     		pop	{r4, r7, pc}
 276              	.L19:
 277              		.align	2
 278              	.L18:
 279 0024 00000000 		.word	savedUnixTime
 280 0028 08000000 		.word	savedRecentMs
 281              		.cfi_endproc
 282              	.LFE33:
 283              		.size	GetStartTime, .-GetStartTime
 284              		.text
 285              	.Letext0:
 286              		.file 2 "c:\\program files\\cypress\\psoc creator\\3.3\\psoc creator\\import\\gnu\\arm\\4.9.3\\arm
 287              		.file 3 "c:\\program files\\cypress\\psoc creator\\3.3\\psoc creator\\import\\gnu\\arm\\4.9.3\\arm
 288              		.file 4 "./lib_Gate\\gate.h"
 289              		.section	.debug_info,"",%progbits
 290              	.Ldebug_info0:
 291 0000 8D010000 		.4byte	0x18d
 292 0004 0400     		.2byte	0x4
 293 0006 00000000 		.4byte	.Ldebug_abbrev0
 294 000a 04       		.byte	0x4
 295 000b 01       		.uleb128 0x1
 296 000c B3000000 		.4byte	.LASF27
 297 0010 01       		.byte	0x1
 298 0011 07020000 		.4byte	.LASF28
 299 0015 DB010000 		.4byte	.LASF29
 300 0019 00000000 		.4byte	.Ldebug_ranges0+0
 301 001d 00000000 		.4byte	0
 302 0021 00000000 		.4byte	.Ldebug_line0
 303 0025 02       		.uleb128 0x2
 304 0026 01       		.byte	0x1
 305 0027 06       		.byte	0x6
 306 0028 CF010000 		.4byte	.LASF0
 307 002c 02       		.uleb128 0x2
 308 002d 01       		.byte	0x1
 309 002e 08       		.byte	0x8
 310 002f 3F000000 		.4byte	.LASF1
 311 0033 02       		.uleb128 0x2
 312 0034 02       		.byte	0x2
 313 0035 05       		.byte	0x5
 314 0036 9F010000 		.4byte	.LASF2
 315 003a 02       		.uleb128 0x2
ARM GAS  C:\DOCUME~1\Admin\LOCALS~1\Temp\cct2vSzt.s 			page 8


 316 003b 02       		.byte	0x2
 317 003c 07       		.byte	0x7
 318 003d 7C000000 		.4byte	.LASF3
 319 0041 02       		.uleb128 0x2
 320 0042 04       		.byte	0x4
 321 0043 05       		.byte	0x5
 322 0044 C6010000 		.4byte	.LASF4
 323 0048 03       		.uleb128 0x3
 324 0049 A8000000 		.4byte	.LASF7
 325 004d 02       		.byte	0x2
 326 004e 41       		.byte	0x41
 327 004f 53000000 		.4byte	0x53
 328 0053 02       		.uleb128 0x2
 329 0054 04       		.byte	0x4
 330 0055 07       		.byte	0x7
 331 0056 5C000000 		.4byte	.LASF5
 332 005a 02       		.uleb128 0x2
 333 005b 08       		.byte	0x8
 334 005c 05       		.byte	0x5
 335 005d 8C010000 		.4byte	.LASF6
 336 0061 03       		.uleb128 0x3
 337 0062 B2010000 		.4byte	.LASF8
 338 0066 02       		.byte	0x2
 339 0067 5B       		.byte	0x5b
 340 0068 6C000000 		.4byte	0x6c
 341 006c 02       		.uleb128 0x2
 342 006d 08       		.byte	0x8
 343 006e 07       		.byte	0x7
 344 006f 5C010000 		.4byte	.LASF9
 345 0073 04       		.uleb128 0x4
 346 0074 04       		.byte	0x4
 347 0075 05       		.byte	0x5
 348 0076 696E7400 		.ascii	"int\000"
 349 007a 02       		.uleb128 0x2
 350 007b 04       		.byte	0x4
 351 007c 07       		.byte	0x7
 352 007d 4F010000 		.4byte	.LASF10
 353 0081 03       		.uleb128 0x3
 354 0082 BD010000 		.4byte	.LASF11
 355 0086 03       		.byte	0x3
 356 0087 2D       		.byte	0x2d
 357 0088 48000000 		.4byte	0x48
 358 008c 03       		.uleb128 0x3
 359 008d 30000000 		.4byte	.LASF12
 360 0091 03       		.byte	0x3
 361 0092 39       		.byte	0x39
 362 0093 61000000 		.4byte	0x61
 363 0097 02       		.uleb128 0x2
 364 0098 04       		.byte	0x4
 365 0099 04       		.byte	0x4
 366 009a 39000000 		.4byte	.LASF13
 367 009e 02       		.uleb128 0x2
 368 009f 08       		.byte	0x8
 369 00a0 04       		.byte	0x4
 370 00a1 8F000000 		.4byte	.LASF14
 371 00a5 02       		.uleb128 0x2
 372 00a6 01       		.byte	0x1
ARM GAS  C:\DOCUME~1\Admin\LOCALS~1\Temp\cct2vSzt.s 			page 9


 373 00a7 08       		.byte	0x8
 374 00a8 9A010000 		.4byte	.LASF15
 375 00ac 02       		.uleb128 0x2
 376 00ad 04       		.byte	0x4
 377 00ae 07       		.byte	0x7
 378 00af 83010000 		.4byte	.LASF16
 379 00b3 05       		.uleb128 0x5
 380 00b4 4D000000 		.4byte	.LASF17
 381 00b8 01       		.byte	0x1
 382 00b9 10       		.byte	0x10
 383 00ba 00000000 		.4byte	.LFB28
 384 00be 40000000 		.4byte	.LFE28-.LFB28
 385 00c2 01       		.uleb128 0x1
 386 00c3 9C       		.byte	0x9c
 387 00c4 05       		.uleb128 0x5
 388 00c5 A9010000 		.4byte	.LASF18
 389 00c9 01       		.byte	0x1
 390 00ca 1E       		.byte	0x1e
 391 00cb 00000000 		.4byte	.LFB29
 392 00cf 2C000000 		.4byte	.LFE29-.LFB29
 393 00d3 01       		.uleb128 0x1
 394 00d4 9C       		.byte	0x9c
 395 00d5 06       		.uleb128 0x6
 396 00d6 1C000000 		.4byte	.LASF30
 397 00da 01       		.byte	0x1
 398 00db 32       		.byte	0x32
 399 00dc 81000000 		.4byte	0x81
 400 00e0 00000000 		.4byte	.LFB30
 401 00e4 20000000 		.4byte	.LFE30-.LFB30
 402 00e8 01       		.uleb128 0x1
 403 00e9 9C       		.byte	0x9c
 404 00ea FD000000 		.4byte	0xfd
 405 00ee 07       		.uleb128 0x7
 406 00ef 73010000 		.4byte	.LASF23
 407 00f3 01       		.byte	0x1
 408 00f4 34       		.byte	0x34
 409 00f5 81000000 		.4byte	0x81
 410 00f9 02       		.uleb128 0x2
 411 00fa 91       		.byte	0x91
 412 00fb 74       		.sleb128 -12
 413 00fc 00       		.byte	0
 414 00fd 05       		.uleb128 0x5
 415 00fe 0D000000 		.4byte	.LASF19
 416 0102 01       		.byte	0x1
 417 0103 3D       		.byte	0x3d
 418 0104 00000000 		.4byte	.LFB31
 419 0108 20000000 		.4byte	.LFE31-.LFB31
 420 010c 01       		.uleb128 0x1
 421 010d 9C       		.byte	0x9c
 422 010e 05       		.uleb128 0x5
 423 010f 96000000 		.4byte	.LASF20
 424 0113 01       		.byte	0x1
 425 0114 46       		.byte	0x46
 426 0115 00000000 		.4byte	.LFB32
 427 0119 20000000 		.4byte	.LFE32-.LFB32
 428 011d 01       		.uleb128 0x1
 429 011e 9C       		.byte	0x9c
ARM GAS  C:\DOCUME~1\Admin\LOCALS~1\Temp\cct2vSzt.s 			page 10


 430 011f 08       		.uleb128 0x8
 431 0120 00000000 		.4byte	.LASF31
 432 0124 01       		.byte	0x1
 433 0125 4F       		.byte	0x4f
 434 0126 00000000 		.4byte	.LFB33
 435 012a 2C000000 		.4byte	.LFE33-.LFB33
 436 012e 01       		.uleb128 0x1
 437 012f 9C       		.byte	0x9c
 438 0130 51010000 		.4byte	0x151
 439 0134 09       		.uleb128 0x9
 440 0135 27000000 		.4byte	.LASF21
 441 0139 01       		.byte	0x1
 442 013a 4F       		.byte	0x4f
 443 013b 51010000 		.4byte	0x151
 444 013f 02       		.uleb128 0x2
 445 0140 91       		.byte	0x91
 446 0141 6C       		.sleb128 -20
 447 0142 09       		.uleb128 0x9
 448 0143 19020000 		.4byte	.LASF22
 449 0147 01       		.byte	0x1
 450 0148 4F       		.byte	0x4f
 451 0149 57010000 		.4byte	0x157
 452 014d 02       		.uleb128 0x2
 453 014e 91       		.byte	0x91
 454 014f 68       		.sleb128 -24
 455 0150 00       		.byte	0
 456 0151 0A       		.uleb128 0xa
 457 0152 04       		.byte	0x4
 458 0153 8C000000 		.4byte	0x8c
 459 0157 0A       		.uleb128 0xa
 460 0158 04       		.byte	0x4
 461 0159 81000000 		.4byte	0x81
 462 015d 07       		.uleb128 0x7
 463 015e 41010000 		.4byte	.LASF24
 464 0162 04       		.byte	0x4
 465 0163 14       		.byte	0x14
 466 0164 8C000000 		.4byte	0x8c
 467 0168 05       		.uleb128 0x5
 468 0169 03       		.byte	0x3
 469 016a 00000000 		.4byte	savedUnixTime
 470 016e 07       		.uleb128 0x7
 471 016f 6E000000 		.4byte	.LASF25
 472 0173 04       		.byte	0x4
 473 0174 15       		.byte	0x15
 474 0175 81000000 		.4byte	0x81
 475 0179 05       		.uleb128 0x5
 476 017a 03       		.byte	0x3
 477 017b 08000000 		.4byte	savedRecentMs
 478 017f 07       		.uleb128 0x7
 479 0180 7A010000 		.4byte	.LASF26
 480 0184 04       		.byte	0x4
 481 0185 16       		.byte	0x16
 482 0186 81000000 		.4byte	0x81
 483 018a 05       		.uleb128 0x5
 484 018b 03       		.byte	0x3
 485 018c 0C000000 		.4byte	gateOpen
 486 0190 00       		.byte	0
ARM GAS  C:\DOCUME~1\Admin\LOCALS~1\Temp\cct2vSzt.s 			page 11


 487              		.section	.debug_abbrev,"",%progbits
 488              	.Ldebug_abbrev0:
 489 0000 01       		.uleb128 0x1
 490 0001 11       		.uleb128 0x11
 491 0002 01       		.byte	0x1
 492 0003 25       		.uleb128 0x25
 493 0004 0E       		.uleb128 0xe
 494 0005 13       		.uleb128 0x13
 495 0006 0B       		.uleb128 0xb
 496 0007 03       		.uleb128 0x3
 497 0008 0E       		.uleb128 0xe
 498 0009 1B       		.uleb128 0x1b
 499 000a 0E       		.uleb128 0xe
 500 000b 55       		.uleb128 0x55
 501 000c 17       		.uleb128 0x17
 502 000d 11       		.uleb128 0x11
 503 000e 01       		.uleb128 0x1
 504 000f 10       		.uleb128 0x10
 505 0010 17       		.uleb128 0x17
 506 0011 00       		.byte	0
 507 0012 00       		.byte	0
 508 0013 02       		.uleb128 0x2
 509 0014 24       		.uleb128 0x24
 510 0015 00       		.byte	0
 511 0016 0B       		.uleb128 0xb
 512 0017 0B       		.uleb128 0xb
 513 0018 3E       		.uleb128 0x3e
 514 0019 0B       		.uleb128 0xb
 515 001a 03       		.uleb128 0x3
 516 001b 0E       		.uleb128 0xe
 517 001c 00       		.byte	0
 518 001d 00       		.byte	0
 519 001e 03       		.uleb128 0x3
 520 001f 16       		.uleb128 0x16
 521 0020 00       		.byte	0
 522 0021 03       		.uleb128 0x3
 523 0022 0E       		.uleb128 0xe
 524 0023 3A       		.uleb128 0x3a
 525 0024 0B       		.uleb128 0xb
 526 0025 3B       		.uleb128 0x3b
 527 0026 0B       		.uleb128 0xb
 528 0027 49       		.uleb128 0x49
 529 0028 13       		.uleb128 0x13
 530 0029 00       		.byte	0
 531 002a 00       		.byte	0
 532 002b 04       		.uleb128 0x4
 533 002c 24       		.uleb128 0x24
 534 002d 00       		.byte	0
 535 002e 0B       		.uleb128 0xb
 536 002f 0B       		.uleb128 0xb
 537 0030 3E       		.uleb128 0x3e
 538 0031 0B       		.uleb128 0xb
 539 0032 03       		.uleb128 0x3
 540 0033 08       		.uleb128 0x8
 541 0034 00       		.byte	0
 542 0035 00       		.byte	0
 543 0036 05       		.uleb128 0x5
ARM GAS  C:\DOCUME~1\Admin\LOCALS~1\Temp\cct2vSzt.s 			page 12


 544 0037 2E       		.uleb128 0x2e
 545 0038 00       		.byte	0
 546 0039 3F       		.uleb128 0x3f
 547 003a 19       		.uleb128 0x19
 548 003b 03       		.uleb128 0x3
 549 003c 0E       		.uleb128 0xe
 550 003d 3A       		.uleb128 0x3a
 551 003e 0B       		.uleb128 0xb
 552 003f 3B       		.uleb128 0x3b
 553 0040 0B       		.uleb128 0xb
 554 0041 27       		.uleb128 0x27
 555 0042 19       		.uleb128 0x19
 556 0043 11       		.uleb128 0x11
 557 0044 01       		.uleb128 0x1
 558 0045 12       		.uleb128 0x12
 559 0046 06       		.uleb128 0x6
 560 0047 40       		.uleb128 0x40
 561 0048 18       		.uleb128 0x18
 562 0049 9642     		.uleb128 0x2116
 563 004b 19       		.uleb128 0x19
 564 004c 00       		.byte	0
 565 004d 00       		.byte	0
 566 004e 06       		.uleb128 0x6
 567 004f 2E       		.uleb128 0x2e
 568 0050 01       		.byte	0x1
 569 0051 3F       		.uleb128 0x3f
 570 0052 19       		.uleb128 0x19
 571 0053 03       		.uleb128 0x3
 572 0054 0E       		.uleb128 0xe
 573 0055 3A       		.uleb128 0x3a
 574 0056 0B       		.uleb128 0xb
 575 0057 3B       		.uleb128 0x3b
 576 0058 0B       		.uleb128 0xb
 577 0059 27       		.uleb128 0x27
 578 005a 19       		.uleb128 0x19
 579 005b 49       		.uleb128 0x49
 580 005c 13       		.uleb128 0x13
 581 005d 11       		.uleb128 0x11
 582 005e 01       		.uleb128 0x1
 583 005f 12       		.uleb128 0x12
 584 0060 06       		.uleb128 0x6
 585 0061 40       		.uleb128 0x40
 586 0062 18       		.uleb128 0x18
 587 0063 9742     		.uleb128 0x2117
 588 0065 19       		.uleb128 0x19
 589 0066 01       		.uleb128 0x1
 590 0067 13       		.uleb128 0x13
 591 0068 00       		.byte	0
 592 0069 00       		.byte	0
 593 006a 07       		.uleb128 0x7
 594 006b 34       		.uleb128 0x34
 595 006c 00       		.byte	0
 596 006d 03       		.uleb128 0x3
 597 006e 0E       		.uleb128 0xe
 598 006f 3A       		.uleb128 0x3a
 599 0070 0B       		.uleb128 0xb
 600 0071 3B       		.uleb128 0x3b
ARM GAS  C:\DOCUME~1\Admin\LOCALS~1\Temp\cct2vSzt.s 			page 13


 601 0072 0B       		.uleb128 0xb
 602 0073 49       		.uleb128 0x49
 603 0074 13       		.uleb128 0x13
 604 0075 02       		.uleb128 0x2
 605 0076 18       		.uleb128 0x18
 606 0077 00       		.byte	0
 607 0078 00       		.byte	0
 608 0079 08       		.uleb128 0x8
 609 007a 2E       		.uleb128 0x2e
 610 007b 01       		.byte	0x1
 611 007c 3F       		.uleb128 0x3f
 612 007d 19       		.uleb128 0x19
 613 007e 03       		.uleb128 0x3
 614 007f 0E       		.uleb128 0xe
 615 0080 3A       		.uleb128 0x3a
 616 0081 0B       		.uleb128 0xb
 617 0082 3B       		.uleb128 0x3b
 618 0083 0B       		.uleb128 0xb
 619 0084 27       		.uleb128 0x27
 620 0085 19       		.uleb128 0x19
 621 0086 11       		.uleb128 0x11
 622 0087 01       		.uleb128 0x1
 623 0088 12       		.uleb128 0x12
 624 0089 06       		.uleb128 0x6
 625 008a 40       		.uleb128 0x40
 626 008b 18       		.uleb128 0x18
 627 008c 9742     		.uleb128 0x2117
 628 008e 19       		.uleb128 0x19
 629 008f 01       		.uleb128 0x1
 630 0090 13       		.uleb128 0x13
 631 0091 00       		.byte	0
 632 0092 00       		.byte	0
 633 0093 09       		.uleb128 0x9
 634 0094 05       		.uleb128 0x5
 635 0095 00       		.byte	0
 636 0096 03       		.uleb128 0x3
 637 0097 0E       		.uleb128 0xe
 638 0098 3A       		.uleb128 0x3a
 639 0099 0B       		.uleb128 0xb
 640 009a 3B       		.uleb128 0x3b
 641 009b 0B       		.uleb128 0xb
 642 009c 49       		.uleb128 0x49
 643 009d 13       		.uleb128 0x13
 644 009e 02       		.uleb128 0x2
 645 009f 18       		.uleb128 0x18
 646 00a0 00       		.byte	0
 647 00a1 00       		.byte	0
 648 00a2 0A       		.uleb128 0xa
 649 00a3 0F       		.uleb128 0xf
 650 00a4 00       		.byte	0
 651 00a5 0B       		.uleb128 0xb
 652 00a6 0B       		.uleb128 0xb
 653 00a7 49       		.uleb128 0x49
 654 00a8 13       		.uleb128 0x13
 655 00a9 00       		.byte	0
 656 00aa 00       		.byte	0
 657 00ab 00       		.byte	0
ARM GAS  C:\DOCUME~1\Admin\LOCALS~1\Temp\cct2vSzt.s 			page 14


 658              		.section	.debug_aranges,"",%progbits
 659 0000 44000000 		.4byte	0x44
 660 0004 0200     		.2byte	0x2
 661 0006 00000000 		.4byte	.Ldebug_info0
 662 000a 04       		.byte	0x4
 663 000b 00       		.byte	0
 664 000c 0000     		.2byte	0
 665 000e 0000     		.2byte	0
 666 0010 00000000 		.4byte	.LFB28
 667 0014 40000000 		.4byte	.LFE28-.LFB28
 668 0018 00000000 		.4byte	.LFB29
 669 001c 2C000000 		.4byte	.LFE29-.LFB29
 670 0020 00000000 		.4byte	.LFB30
 671 0024 20000000 		.4byte	.LFE30-.LFB30
 672 0028 00000000 		.4byte	.LFB31
 673 002c 20000000 		.4byte	.LFE31-.LFB31
 674 0030 00000000 		.4byte	.LFB32
 675 0034 20000000 		.4byte	.LFE32-.LFB32
 676 0038 00000000 		.4byte	.LFB33
 677 003c 2C000000 		.4byte	.LFE33-.LFB33
 678 0040 00000000 		.4byte	0
 679 0044 00000000 		.4byte	0
 680              		.section	.debug_ranges,"",%progbits
 681              	.Ldebug_ranges0:
 682 0000 00000000 		.4byte	.LFB28
 683 0004 40000000 		.4byte	.LFE28
 684 0008 00000000 		.4byte	.LFB29
 685 000c 2C000000 		.4byte	.LFE29
 686 0010 00000000 		.4byte	.LFB30
 687 0014 20000000 		.4byte	.LFE30
 688 0018 00000000 		.4byte	.LFB31
 689 001c 20000000 		.4byte	.LFE31
 690 0020 00000000 		.4byte	.LFB32
 691 0024 20000000 		.4byte	.LFE32
 692 0028 00000000 		.4byte	.LFB33
 693 002c 2C000000 		.4byte	.LFE33
 694 0030 00000000 		.4byte	0
 695 0034 00000000 		.4byte	0
 696              		.section	.debug_line,"",%progbits
 697              	.Ldebug_line0:
 698 0000 9E010000 		.section	.debug_str,"MS",%progbits,1
 698      02001E01 
 698      00000201 
 698      FB0E0D00 
 698      01010101 
 699              	.LASF31:
 700 0000 47657453 		.ascii	"GetStartTime\000"
 700      74617274 
 700      54696D65 
 700      00
 701              	.LASF19:
 702 000d 416C6C6F 		.ascii	"AllowNextSkier\000"
 702      774E6578 
 702      74536B69 
 702      657200
 703              	.LASF30:
 704 001c 47617465 		.ascii	"GateIsOpen\000"
ARM GAS  C:\DOCUME~1\Admin\LOCALS~1\Temp\cct2vSzt.s 			page 15


 704      49734F70 
 704      656E00
 705              	.LASF21:
 706 0027 756E6978 		.ascii	"unixTime\000"
 706      54696D65 
 706      00
 707              	.LASF12:
 708 0030 75696E74 		.ascii	"uint64_t\000"
 708      36345F74 
 708      00
 709              	.LASF13:
 710 0039 666C6F61 		.ascii	"float\000"
 710      7400
 711              	.LASF1:
 712 003f 756E7369 		.ascii	"unsigned char\000"
 712      676E6564 
 712      20636861 
 712      7200
 713              	.LASF17:
 714 004d 47415445 		.ascii	"GATE_INTERRUPT\000"
 714      5F494E54 
 714      45525255 
 714      505400
 715              	.LASF5:
 716 005c 6C6F6E67 		.ascii	"long unsigned int\000"
 716      20756E73 
 716      69676E65 
 716      6420696E 
 716      7400
 717              	.LASF25:
 718 006e 73617665 		.ascii	"savedRecentMs\000"
 718      64526563 
 718      656E744D 
 718      7300
 719              	.LASF3:
 720 007c 73686F72 		.ascii	"short unsigned int\000"
 720      7420756E 
 720      7369676E 
 720      65642069 
 720      6E7400
 721              	.LASF14:
 722 008f 646F7562 		.ascii	"double\000"
 722      6C6500
 723              	.LASF20:
 724 0096 44697341 		.ascii	"DisAllowNextSkier\000"
 724      6C6C6F77 
 724      4E657874 
 724      536B6965 
 724      7200
 725              	.LASF7:
 726 00a8 5F5F7569 		.ascii	"__uint32_t\000"
 726      6E743332 
 726      5F7400
 727              	.LASF27:
 728 00b3 474E5520 		.ascii	"GNU C 4.9.3 20150303 (release) [ARM/embedded-4_9-br"
 728      4320342E 
 728      392E3320 
ARM GAS  C:\DOCUME~1\Admin\LOCALS~1\Temp\cct2vSzt.s 			page 16


 728      32303135 
 728      30333033 
 729 00e6 616E6368 		.ascii	"anch revision 221220] -mcpu=cortex-m0 -mthumb -g -O"
 729      20726576 
 729      6973696F 
 729      6E203232 
 729      31323230 
 730 0119 30202D66 		.ascii	"0 -ffunction-sections -ffat-lto-objects\000"
 730      66756E63 
 730      74696F6E 
 730      2D736563 
 730      74696F6E 
 731              	.LASF24:
 732 0141 73617665 		.ascii	"savedUnixTime\000"
 732      64556E69 
 732      7854696D 
 732      6500
 733              	.LASF10:
 734 014f 756E7369 		.ascii	"unsigned int\000"
 734      676E6564 
 734      20696E74 
 734      00
 735              	.LASF9:
 736 015c 6C6F6E67 		.ascii	"long long unsigned int\000"
 736      206C6F6E 
 736      6720756E 
 736      7369676E 
 736      65642069 
 737              	.LASF23:
 738 0173 72657375 		.ascii	"result\000"
 738      6C7400
 739              	.LASF26:
 740 017a 67617465 		.ascii	"gateOpen\000"
 740      4F70656E 
 740      00
 741              	.LASF16:
 742 0183 73697A65 		.ascii	"sizetype\000"
 742      74797065 
 742      00
 743              	.LASF6:
 744 018c 6C6F6E67 		.ascii	"long long int\000"
 744      206C6F6E 
 744      6720696E 
 744      7400
 745              	.LASF15:
 746 019a 63686172 		.ascii	"char\000"
 746      00
 747              	.LASF2:
 748 019f 73686F72 		.ascii	"short int\000"
 748      7420696E 
 748      7400
 749              	.LASF18:
 750 01a9 47617465 		.ascii	"GateInit\000"
 750      496E6974 
 750      00
 751              	.LASF8:
 752 01b2 5F5F7569 		.ascii	"__uint64_t\000"
ARM GAS  C:\DOCUME~1\Admin\LOCALS~1\Temp\cct2vSzt.s 			page 17


 752      6E743634 
 752      5F7400
 753              	.LASF11:
 754 01bd 75696E74 		.ascii	"uint32_t\000"
 754      33325F74 
 754      00
 755              	.LASF4:
 756 01c6 6C6F6E67 		.ascii	"long int\000"
 756      20696E74 
 756      00
 757              	.LASF0:
 758 01cf 7369676E 		.ascii	"signed char\000"
 758      65642063 
 758      68617200 
 759              	.LASF29:
 760 01db 633A5C43 		.ascii	"c:\\Cypress\\Mainline_v2\\Start\\start_v0.cydsn\000"
 760      79707265 
 760      73735C4D 
 760      61696E6C 
 760      696E655F 
 761              	.LASF28:
 762 0207 2E5C6C69 		.ascii	".\\lib_Gate\\gate.c\000"
 762      625F4761 
 762      74655C67 
 762      6174652E 
 762      6300
 763              	.LASF22:
 764 0219 72656365 		.ascii	"recentMs\000"
 764      6E744D73 
 764      00
 765              		.ident	"GCC: (GNU Tools for ARM Embedded Processors) 4.9.3 20150303 (release) [ARM/embedded-4_9-br
=======
  20:.\lib_Gate/gate.c ****     
  21:.\lib_Gate/gate.c ****     //GatePin_ClearInterrupt();
  22:.\lib_Gate/gate.c ****     GATE_INT_ClearPending();   
  64              		.loc 1 22 0
  65 0026 FFF7FEFF 		bl	GATE_INT_ClearPending
  23:.\lib_Gate/gate.c **** }
  66              		.loc 1 23 0
  67 002a BD46     		mov	sp, r7
  68              		@ sp needed
  69 002c 98BD     		pop	{r3, r4, r7, pc}
  70              	.L3:
  71 002e C046     		.align	2
  72              	.L2:
  73 0030 0C000000 		.word	gateOpen
  74 0034 00000000 		.word	savedUnixTime
  75 0038 08000000 		.word	savedRecentMs
  76              		.cfi_endproc
  77              	.LFE28:
  78              		.size	GATE_INTERRUPT, .-GATE_INTERRUPT
  79              		.section	.text.GateInit,"ax",%progbits
  80              		.align	2
  81              		.global	GateInit
  82              		.code	16
  83              		.thumb_func
  84              		.type	GateInit, %function
  85              	GateInit:
  86              	.LFB29:
  24:.\lib_Gate/gate.c **** 
  25:.\lib_Gate/gate.c **** /*******************************************************************************
  26:.\lib_Gate/gate.c **** * Function Name: GateInit
  27:.\lib_Gate/gate.c **** ********************************************************************************
ARM GAS  C:\Users\Petro\AppData\Local\Temp\ccT2nlhk.s 			page 3


  28:.\lib_Gate/gate.c **** *
  29:.\lib_Gate/gate.c **** * Summary:
  30:.\lib_Gate/gate.c **** *   inittilisation the gate pin
  31:.\lib_Gate/gate.c **** *   disable interrupt from gate
  32:.\lib_Gate/gate.c **** *
  33:.\lib_Gate/gate.c **** *******************************************************************************/
  34:.\lib_Gate/gate.c **** void GateInit(void)
  35:.\lib_Gate/gate.c **** {
  87              		.loc 1 35 0
  88              		.cfi_startproc
  89 0000 80B5     		push	{r7, lr}
  90              		.cfi_def_cfa_offset 8
  91              		.cfi_offset 7, -8
  92              		.cfi_offset 14, -4
  93 0002 00AF     		add	r7, sp, #0
  94              		.cfi_def_cfa_register 7
  36:.\lib_Gate/gate.c ****     //GatePin_ClearInterrupt();
  37:.\lib_Gate/gate.c ****     GATE_INT_ClearPending();
  95              		.loc 1 37 0
  96 0004 FFF7FEFF 		bl	GATE_INT_ClearPending
  38:.\lib_Gate/gate.c ****     GATE_INT_StartEx(GATE_INTERRUPT); 
  97              		.loc 1 38 0
  98 0008 054B     		ldr	r3, .L5
  99 000a 181C     		mov	r0, r3
 100 000c FFF7FEFF 		bl	GATE_INT_StartEx
  39:.\lib_Gate/gate.c ****     GATE_INT_Disable();
 101              		.loc 1 39 0
 102 0010 FFF7FEFF 		bl	GATE_INT_Disable
  40:.\lib_Gate/gate.c ****     
  41:.\lib_Gate/gate.c ****     gateOpen = GATE_CLOSE;     
 103              		.loc 1 41 0
 104 0014 034B     		ldr	r3, .L5+4
 105 0016 0022     		mov	r2, #0
 106 0018 1A60     		str	r2, [r3]
  42:.\lib_Gate/gate.c **** }
 107              		.loc 1 42 0
 108 001a BD46     		mov	sp, r7
 109              		@ sp needed
 110 001c 80BD     		pop	{r7, pc}
 111              	.L6:
 112 001e C046     		.align	2
 113              	.L5:
 114 0020 00000000 		.word	GATE_INTERRUPT
 115 0024 0C000000 		.word	gateOpen
 116              		.cfi_endproc
 117              	.LFE29:
 118              		.size	GateInit, .-GateInit
 119              		.section	.text.GateIsOpen,"ax",%progbits
 120              		.align	2
 121              		.global	GateIsOpen
 122              		.code	16
 123              		.thumb_func
 124              		.type	GateIsOpen, %function
 125              	GateIsOpen:
 126              	.LFB30:
  43:.\lib_Gate/gate.c **** 
  44:.\lib_Gate/gate.c **** 
ARM GAS  C:\Users\Petro\AppData\Local\Temp\ccT2nlhk.s 			page 4


  45:.\lib_Gate/gate.c **** /*******************************************************************************
  46:.\lib_Gate/gate.c **** * Function Name: GateOpen
  47:.\lib_Gate/gate.c **** ********************************************************************************
  48:.\lib_Gate/gate.c **** *
  49:.\lib_Gate/gate.c **** * Summary:
  50:.\lib_Gate/gate.c **** *  verification or gate closed
  51:.\lib_Gate/gate.c **** *
  52:.\lib_Gate/gate.c **** * Return:
  53:.\lib_Gate/gate.c **** *  GATE_CLOSE or GATE_OPEN
  54:.\lib_Gate/gate.c **** *******************************************************************************/
  55:.\lib_Gate/gate.c **** uint32_t GateIsOpen(void)
  56:.\lib_Gate/gate.c **** {   
 127              		.loc 1 56 0
 128              		.cfi_startproc
 129 0000 80B5     		push	{r7, lr}
 130              		.cfi_def_cfa_offset 8
 131              		.cfi_offset 7, -8
 132              		.cfi_offset 14, -4
 133 0002 82B0     		sub	sp, sp, #8
 134              		.cfi_def_cfa_offset 16
 135 0004 00AF     		add	r7, sp, #0
 136              		.cfi_def_cfa_register 7
  57:.\lib_Gate/gate.c ****     uint32_t result;
  58:.\lib_Gate/gate.c ****     
  59:.\lib_Gate/gate.c ****     result = gateOpen;
 137              		.loc 1 59 0
 138 0006 054B     		ldr	r3, .L9
 139 0008 1B68     		ldr	r3, [r3]
 140 000a 7B60     		str	r3, [r7, #4]
  60:.\lib_Gate/gate.c ****     gateOpen = GATE_CLOSE;
 141              		.loc 1 60 0
 142 000c 034B     		ldr	r3, .L9
 143 000e 0022     		mov	r2, #0
 144 0010 1A60     		str	r2, [r3]
  61:.\lib_Gate/gate.c ****     
  62:.\lib_Gate/gate.c ****     return result;
 145              		.loc 1 62 0
 146 0012 7B68     		ldr	r3, [r7, #4]
  63:.\lib_Gate/gate.c **** }
 147              		.loc 1 63 0
 148 0014 181C     		mov	r0, r3
 149 0016 BD46     		mov	sp, r7
 150 0018 02B0     		add	sp, sp, #8
 151              		@ sp needed
 152 001a 80BD     		pop	{r7, pc}
 153              	.L10:
 154              		.align	2
 155              	.L9:
 156 001c 0C000000 		.word	gateOpen
 157              		.cfi_endproc
 158              	.LFE30:
 159              		.size	GateIsOpen, .-GateIsOpen
 160              		.section	.text.AllowNextSkier,"ax",%progbits
 161              		.align	2
 162              		.global	AllowNextSkier
 163              		.code	16
 164              		.thumb_func
ARM GAS  C:\Users\Petro\AppData\Local\Temp\ccT2nlhk.s 			page 5


 165              		.type	AllowNextSkier, %function
 166              	AllowNextSkier:
 167              	.LFB31:
  64:.\lib_Gate/gate.c **** 
  65:.\lib_Gate/gate.c **** 
  66:.\lib_Gate/gate.c **** /*******************************************************************************
  67:.\lib_Gate/gate.c **** * Function Name: AllowNextSkier
  68:.\lib_Gate/gate.c **** ********************************************************************************
  69:.\lib_Gate/gate.c **** *
  70:.\lib_Gate/gate.c **** * Summary:
  71:.\lib_Gate/gate.c **** *   allow the new skier on way(enable gate interrupt)
  72:.\lib_Gate/gate.c **** *
  73:.\lib_Gate/gate.c **** *******************************************************************************/
  74:.\lib_Gate/gate.c **** void AllowNextSkier(void)
  75:.\lib_Gate/gate.c **** {
 168              		.loc 1 75 0
 169              		.cfi_startproc
 170 0000 80B5     		push	{r7, lr}
 171              		.cfi_def_cfa_offset 8
 172              		.cfi_offset 7, -8
 173              		.cfi_offset 14, -4
 174 0002 00AF     		add	r7, sp, #0
 175              		.cfi_def_cfa_register 7
  76:.\lib_Gate/gate.c ****     //GatePin_ClearInterrupt();
  77:.\lib_Gate/gate.c ****     GATE_INT_ClearPending();
 176              		.loc 1 77 0
 177 0004 FFF7FEFF 		bl	GATE_INT_ClearPending
  78:.\lib_Gate/gate.c ****     GATE_INT_Enable();
 178              		.loc 1 78 0
 179 0008 FFF7FEFF 		bl	GATE_INT_Enable
  79:.\lib_Gate/gate.c **** }
 180              		.loc 1 79 0
 181 000c BD46     		mov	sp, r7
 182              		@ sp needed
 183 000e 80BD     		pop	{r7, pc}
 184              		.cfi_endproc
 185              	.LFE31:
 186              		.size	AllowNextSkier, .-AllowNextSkier
 187              		.section	.text.DisAllowNextSkier,"ax",%progbits
 188              		.align	2
 189              		.global	DisAllowNextSkier
 190              		.code	16
 191              		.thumb_func
 192              		.type	DisAllowNextSkier, %function
 193              	DisAllowNextSkier:
 194              	.LFB32:
  80:.\lib_Gate/gate.c **** 
  81:.\lib_Gate/gate.c **** void DisAllowNextSkier(void)
  82:.\lib_Gate/gate.c **** {
 195              		.loc 1 82 0
 196              		.cfi_startproc
 197 0000 80B5     		push	{r7, lr}
 198              		.cfi_def_cfa_offset 8
 199              		.cfi_offset 7, -8
 200              		.cfi_offset 14, -4
 201 0002 00AF     		add	r7, sp, #0
 202              		.cfi_def_cfa_register 7
ARM GAS  C:\Users\Petro\AppData\Local\Temp\ccT2nlhk.s 			page 6


  83:.\lib_Gate/gate.c ****     gateOpen = GATE_CLOSE;
 203              		.loc 1 83 0
 204 0004 054B     		ldr	r3, .L13
 205 0006 0022     		mov	r2, #0
 206 0008 1A60     		str	r2, [r3]
  84:.\lib_Gate/gate.c ****      
  85:.\lib_Gate/gate.c ****     GatePin_ClearInterrupt();
 207              		.loc 1 85 0
 208 000a FFF7FEFF 		bl	GatePin_ClearInterrupt
  86:.\lib_Gate/gate.c ****     GATE_INT_ClearPending();
 209              		.loc 1 86 0
 210 000e FFF7FEFF 		bl	GATE_INT_ClearPending
  87:.\lib_Gate/gate.c ****     GATE_INT_Disable();   
 211              		.loc 1 87 0
 212 0012 FFF7FEFF 		bl	GATE_INT_Disable
  88:.\lib_Gate/gate.c **** }
 213              		.loc 1 88 0
 214 0016 BD46     		mov	sp, r7
 215              		@ sp needed
 216 0018 80BD     		pop	{r7, pc}
 217              	.L14:
 218 001a C046     		.align	2
 219              	.L13:
 220 001c 0C000000 		.word	gateOpen
 221              		.cfi_endproc
 222              	.LFE32:
 223              		.size	DisAllowNextSkier, .-DisAllowNextSkier
 224              		.section	.text.GetStartTime,"ax",%progbits
 225              		.align	2
 226              		.global	GetStartTime
 227              		.code	16
 228              		.thumb_func
 229              		.type	GetStartTime, %function
 230              	GetStartTime:
 231              	.LFB33:
  89:.\lib_Gate/gate.c **** 
  90:.\lib_Gate/gate.c **** /*******************************************************************************
  91:.\lib_Gate/gate.c **** * Function Name: GetFinTime
  92:.\lib_Gate/gate.c **** ********************************************************************************
  93:.\lib_Gate/gate.c **** *
  94:.\lib_Gate/gate.c **** * Summary:
  95:.\lib_Gate/gate.c **** *   reading recorded in the interruption time finish skier
  96:.\lib_Gate/gate.c **** * Parametrs:
  97:.\lib_Gate/gate.c **** *   *unixTime - pointer from unix time skier
  98:.\lib_Gate/gate.c **** *   *recentMs - pointer from miliseconds time
  99:.\lib_Gate/gate.c **** *
 100:.\lib_Gate/gate.c **** *******************************************************************************/
 101:.\lib_Gate/gate.c **** void GetStartTime(uint64_t *unixTime,  uint32_t *recentMs)
 102:.\lib_Gate/gate.c **** {
 232              		.loc 1 102 0
 233              		.cfi_startproc
 234 0000 90B5     		push	{r4, r7, lr}
 235              		.cfi_def_cfa_offset 12
 236              		.cfi_offset 4, -12
 237              		.cfi_offset 7, -8
 238              		.cfi_offset 14, -4
 239 0002 83B0     		sub	sp, sp, #12
ARM GAS  C:\Users\Petro\AppData\Local\Temp\ccT2nlhk.s 			page 7


 240              		.cfi_def_cfa_offset 24
 241 0004 00AF     		add	r7, sp, #0
 242              		.cfi_def_cfa_register 7
 243 0006 7860     		str	r0, [r7, #4]
 244 0008 3960     		str	r1, [r7]
 103:.\lib_Gate/gate.c ****     *unixTime = savedUnixTime;
 245              		.loc 1 103 0
 246 000a 064B     		ldr	r3, .L16
 247 000c 5C68     		ldr	r4, [r3, #4]
 248 000e 1B68     		ldr	r3, [r3]
 249 0010 7A68     		ldr	r2, [r7, #4]
 250 0012 1360     		str	r3, [r2]
 251 0014 5460     		str	r4, [r2, #4]
 104:.\lib_Gate/gate.c ****     *recentMs = savedRecentMs;
 252              		.loc 1 104 0
 253 0016 044B     		ldr	r3, .L16+4
 254 0018 1A68     		ldr	r2, [r3]
 255 001a 3B68     		ldr	r3, [r7]
 256 001c 1A60     		str	r2, [r3]
 105:.\lib_Gate/gate.c **** }
 257              		.loc 1 105 0
 258 001e BD46     		mov	sp, r7
 259 0020 03B0     		add	sp, sp, #12
 260              		@ sp needed
 261 0022 90BD     		pop	{r4, r7, pc}
 262              	.L17:
 263              		.align	2
 264              	.L16:
 265 0024 00000000 		.word	savedUnixTime
 266 0028 08000000 		.word	savedRecentMs
 267              		.cfi_endproc
 268              	.LFE33:
 269              		.size	GetStartTime, .-GetStartTime
 270              		.text
 271              	.Letext0:
 272              		.file 2 "c:\\program files (x86)\\cypress\\psoc creator\\3.3\\psoc creator\\import\\gnu\\arm\\4.9.
 273              		.file 3 "c:\\program files (x86)\\cypress\\psoc creator\\3.3\\psoc creator\\import\\gnu\\arm\\4.9.
 274              		.section	.debug_info,"",%progbits
 275              	.Ldebug_info0:
 276 0000 8D010000 		.4byte	0x18d
 277 0004 0400     		.2byte	0x4
 278 0006 00000000 		.4byte	.Ldebug_abbrev0
 279 000a 04       		.byte	0x4
 280 000b 01       		.uleb128 0x1
 281 000c 13010000 		.4byte	.LASF27
 282 0010 01       		.byte	0x1
 283 0011 3B020000 		.4byte	.LASF28
 284 0015 3F000000 		.4byte	.LASF29
 285 0019 00000000 		.4byte	.Ldebug_ranges0+0
 286 001d 00000000 		.4byte	0
 287 0021 00000000 		.4byte	.Ldebug_line0
 288 0025 02       		.uleb128 0x2
 289 0026 01       		.byte	0x1
 290 0027 06       		.byte	0x6
 291 0028 2F020000 		.4byte	.LASF0
 292 002c 02       		.uleb128 0x2
 293 002d 01       		.byte	0x1
ARM GAS  C:\Users\Petro\AppData\Local\Temp\ccT2nlhk.s 			page 8


 294 002e 08       		.byte	0x8
 295 002f 9F000000 		.4byte	.LASF1
 296 0033 02       		.uleb128 0x2
 297 0034 02       		.byte	0x2
 298 0035 05       		.byte	0x5
 299 0036 FF010000 		.4byte	.LASF2
 300 003a 02       		.uleb128 0x2
 301 003b 02       		.byte	0x2
 302 003c 07       		.byte	0x7
 303 003d DC000000 		.4byte	.LASF3
 304 0041 02       		.uleb128 0x2
 305 0042 04       		.byte	0x4
 306 0043 05       		.byte	0x5
 307 0044 26020000 		.4byte	.LASF4
 308 0048 03       		.uleb128 0x3
 309 0049 08010000 		.4byte	.LASF7
 310 004d 02       		.byte	0x2
 311 004e 41       		.byte	0x41
 312 004f 53000000 		.4byte	0x53
 313 0053 02       		.uleb128 0x2
 314 0054 04       		.byte	0x4
 315 0055 07       		.byte	0x7
 316 0056 BC000000 		.4byte	.LASF5
 317 005a 02       		.uleb128 0x2
 318 005b 08       		.byte	0x8
 319 005c 05       		.byte	0x5
 320 005d EC010000 		.4byte	.LASF6
 321 0061 03       		.uleb128 0x3
 322 0062 12020000 		.4byte	.LASF8
 323 0066 02       		.byte	0x2
 324 0067 5B       		.byte	0x5b
 325 0068 6C000000 		.4byte	0x6c
 326 006c 02       		.uleb128 0x2
 327 006d 08       		.byte	0x8
 328 006e 07       		.byte	0x7
 329 006f BC010000 		.4byte	.LASF9
 330 0073 04       		.uleb128 0x4
 331 0074 04       		.byte	0x4
 332 0075 05       		.byte	0x5
 333 0076 696E7400 		.ascii	"int\000"
 334 007a 02       		.uleb128 0x2
 335 007b 04       		.byte	0x4
 336 007c 07       		.byte	0x7
 337 007d AF010000 		.4byte	.LASF10
 338 0081 03       		.uleb128 0x3
 339 0082 1D020000 		.4byte	.LASF11
 340 0086 03       		.byte	0x3
 341 0087 2D       		.byte	0x2d
 342 0088 48000000 		.4byte	0x48
 343 008c 03       		.uleb128 0x3
 344 008d 30000000 		.4byte	.LASF12
 345 0091 03       		.byte	0x3
 346 0092 39       		.byte	0x39
 347 0093 61000000 		.4byte	0x61
 348 0097 02       		.uleb128 0x2
 349 0098 04       		.byte	0x4
 350 0099 04       		.byte	0x4
ARM GAS  C:\Users\Petro\AppData\Local\Temp\ccT2nlhk.s 			page 9


 351 009a 39000000 		.4byte	.LASF13
 352 009e 02       		.uleb128 0x2
 353 009f 08       		.byte	0x8
 354 00a0 04       		.byte	0x4
 355 00a1 EF000000 		.4byte	.LASF14
 356 00a5 02       		.uleb128 0x2
 357 00a6 01       		.byte	0x1
 358 00a7 08       		.byte	0x8
 359 00a8 FA010000 		.4byte	.LASF15
 360 00ac 02       		.uleb128 0x2
 361 00ad 04       		.byte	0x4
 362 00ae 07       		.byte	0x7
 363 00af E3010000 		.4byte	.LASF16
 364 00b3 05       		.uleb128 0x5
 365 00b4 AD000000 		.4byte	.LASF17
 366 00b8 01       		.byte	0x1
 367 00b9 0C       		.byte	0xc
 368 00ba 00000000 		.4byte	.LFB28
 369 00be 3C000000 		.4byte	.LFE28-.LFB28
 370 00c2 01       		.uleb128 0x1
 371 00c3 9C       		.byte	0x9c
 372 00c4 05       		.uleb128 0x5
 373 00c5 09020000 		.4byte	.LASF18
 374 00c9 01       		.byte	0x1
 375 00ca 22       		.byte	0x22
 376 00cb 00000000 		.4byte	.LFB29
 377 00cf 28000000 		.4byte	.LFE29-.LFB29
 378 00d3 01       		.uleb128 0x1
 379 00d4 9C       		.byte	0x9c
 380 00d5 06       		.uleb128 0x6
 381 00d6 1C000000 		.4byte	.LASF30
 382 00da 01       		.byte	0x1
 383 00db 37       		.byte	0x37
 384 00dc 81000000 		.4byte	0x81
 385 00e0 00000000 		.4byte	.LFB30
 386 00e4 20000000 		.4byte	.LFE30-.LFB30
 387 00e8 01       		.uleb128 0x1
 388 00e9 9C       		.byte	0x9c
 389 00ea FD000000 		.4byte	0xfd
 390 00ee 07       		.uleb128 0x7
 391 00ef D3010000 		.4byte	.LASF23
 392 00f3 01       		.byte	0x1
 393 00f4 39       		.byte	0x39
 394 00f5 81000000 		.4byte	0x81
 395 00f9 02       		.uleb128 0x2
 396 00fa 91       		.byte	0x91
 397 00fb 74       		.sleb128 -12
 398 00fc 00       		.byte	0
 399 00fd 05       		.uleb128 0x5
 400 00fe 0D000000 		.4byte	.LASF19
 401 0102 01       		.byte	0x1
 402 0103 4A       		.byte	0x4a
 403 0104 00000000 		.4byte	.LFB31
 404 0108 10000000 		.4byte	.LFE31-.LFB31
 405 010c 01       		.uleb128 0x1
 406 010d 9C       		.byte	0x9c
 407 010e 05       		.uleb128 0x5
ARM GAS  C:\Users\Petro\AppData\Local\Temp\ccT2nlhk.s 			page 10


 408 010f F6000000 		.4byte	.LASF20
 409 0113 01       		.byte	0x1
 410 0114 51       		.byte	0x51
 411 0115 00000000 		.4byte	.LFB32
 412 0119 20000000 		.4byte	.LFE32-.LFB32
 413 011d 01       		.uleb128 0x1
 414 011e 9C       		.byte	0x9c
 415 011f 08       		.uleb128 0x8
 416 0120 00000000 		.4byte	.LASF31
 417 0124 01       		.byte	0x1
 418 0125 65       		.byte	0x65
 419 0126 00000000 		.4byte	.LFB33
 420 012a 2C000000 		.4byte	.LFE33-.LFB33
 421 012e 01       		.uleb128 0x1
 422 012f 9C       		.byte	0x9c
 423 0130 51010000 		.4byte	0x151
 424 0134 09       		.uleb128 0x9
 425 0135 27000000 		.4byte	.LASF21
 426 0139 01       		.byte	0x1
 427 013a 65       		.byte	0x65
 428 013b 51010000 		.4byte	0x151
 429 013f 02       		.uleb128 0x2
 430 0140 91       		.byte	0x91
 431 0141 6C       		.sleb128 -20
 432 0142 09       		.uleb128 0x9
 433 0143 4D020000 		.4byte	.LASF22
 434 0147 01       		.byte	0x1
 435 0148 65       		.byte	0x65
 436 0149 57010000 		.4byte	0x157
 437 014d 02       		.uleb128 0x2
 438 014e 91       		.byte	0x91
 439 014f 68       		.sleb128 -24
 440 0150 00       		.byte	0
 441 0151 0A       		.uleb128 0xa
 442 0152 04       		.byte	0x4
 443 0153 8C000000 		.4byte	0x8c
 444 0157 0A       		.uleb128 0xa
 445 0158 04       		.byte	0x4
 446 0159 81000000 		.4byte	0x81
 447 015d 07       		.uleb128 0x7
 448 015e A1010000 		.4byte	.LASF24
 449 0162 01       		.byte	0x1
 450 0163 06       		.byte	0x6
 451 0164 8C000000 		.4byte	0x8c
 452 0168 05       		.uleb128 0x5
 453 0169 03       		.byte	0x3
 454 016a 00000000 		.4byte	savedUnixTime
 455 016e 07       		.uleb128 0x7
 456 016f CE000000 		.4byte	.LASF25
 457 0173 01       		.byte	0x1
 458 0174 07       		.byte	0x7
 459 0175 81000000 		.4byte	0x81
 460 0179 05       		.uleb128 0x5
 461 017a 03       		.byte	0x3
 462 017b 08000000 		.4byte	savedRecentMs
 463 017f 07       		.uleb128 0x7
 464 0180 DA010000 		.4byte	.LASF26
ARM GAS  C:\Users\Petro\AppData\Local\Temp\ccT2nlhk.s 			page 11


 465 0184 01       		.byte	0x1
 466 0185 08       		.byte	0x8
 467 0186 81000000 		.4byte	0x81
 468 018a 05       		.uleb128 0x5
 469 018b 03       		.byte	0x3
 470 018c 0C000000 		.4byte	gateOpen
 471 0190 00       		.byte	0
 472              		.section	.debug_abbrev,"",%progbits
 473              	.Ldebug_abbrev0:
 474 0000 01       		.uleb128 0x1
 475 0001 11       		.uleb128 0x11
 476 0002 01       		.byte	0x1
 477 0003 25       		.uleb128 0x25
 478 0004 0E       		.uleb128 0xe
 479 0005 13       		.uleb128 0x13
 480 0006 0B       		.uleb128 0xb
 481 0007 03       		.uleb128 0x3
 482 0008 0E       		.uleb128 0xe
 483 0009 1B       		.uleb128 0x1b
 484 000a 0E       		.uleb128 0xe
 485 000b 55       		.uleb128 0x55
 486 000c 17       		.uleb128 0x17
 487 000d 11       		.uleb128 0x11
 488 000e 01       		.uleb128 0x1
 489 000f 10       		.uleb128 0x10
 490 0010 17       		.uleb128 0x17
 491 0011 00       		.byte	0
 492 0012 00       		.byte	0
 493 0013 02       		.uleb128 0x2
 494 0014 24       		.uleb128 0x24
 495 0015 00       		.byte	0
 496 0016 0B       		.uleb128 0xb
 497 0017 0B       		.uleb128 0xb
 498 0018 3E       		.uleb128 0x3e
 499 0019 0B       		.uleb128 0xb
 500 001a 03       		.uleb128 0x3
 501 001b 0E       		.uleb128 0xe
 502 001c 00       		.byte	0
 503 001d 00       		.byte	0
 504 001e 03       		.uleb128 0x3
 505 001f 16       		.uleb128 0x16
 506 0020 00       		.byte	0
 507 0021 03       		.uleb128 0x3
 508 0022 0E       		.uleb128 0xe
 509 0023 3A       		.uleb128 0x3a
 510 0024 0B       		.uleb128 0xb
 511 0025 3B       		.uleb128 0x3b
 512 0026 0B       		.uleb128 0xb
 513 0027 49       		.uleb128 0x49
 514 0028 13       		.uleb128 0x13
 515 0029 00       		.byte	0
 516 002a 00       		.byte	0
 517 002b 04       		.uleb128 0x4
 518 002c 24       		.uleb128 0x24
 519 002d 00       		.byte	0
 520 002e 0B       		.uleb128 0xb
 521 002f 0B       		.uleb128 0xb
ARM GAS  C:\Users\Petro\AppData\Local\Temp\ccT2nlhk.s 			page 12


 522 0030 3E       		.uleb128 0x3e
 523 0031 0B       		.uleb128 0xb
 524 0032 03       		.uleb128 0x3
 525 0033 08       		.uleb128 0x8
 526 0034 00       		.byte	0
 527 0035 00       		.byte	0
 528 0036 05       		.uleb128 0x5
 529 0037 2E       		.uleb128 0x2e
 530 0038 00       		.byte	0
 531 0039 3F       		.uleb128 0x3f
 532 003a 19       		.uleb128 0x19
 533 003b 03       		.uleb128 0x3
 534 003c 0E       		.uleb128 0xe
 535 003d 3A       		.uleb128 0x3a
 536 003e 0B       		.uleb128 0xb
 537 003f 3B       		.uleb128 0x3b
 538 0040 0B       		.uleb128 0xb
 539 0041 27       		.uleb128 0x27
 540 0042 19       		.uleb128 0x19
 541 0043 11       		.uleb128 0x11
 542 0044 01       		.uleb128 0x1
 543 0045 12       		.uleb128 0x12
 544 0046 06       		.uleb128 0x6
 545 0047 40       		.uleb128 0x40
 546 0048 18       		.uleb128 0x18
 547 0049 9642     		.uleb128 0x2116
 548 004b 19       		.uleb128 0x19
 549 004c 00       		.byte	0
 550 004d 00       		.byte	0
 551 004e 06       		.uleb128 0x6
 552 004f 2E       		.uleb128 0x2e
 553 0050 01       		.byte	0x1
 554 0051 3F       		.uleb128 0x3f
 555 0052 19       		.uleb128 0x19
 556 0053 03       		.uleb128 0x3
 557 0054 0E       		.uleb128 0xe
 558 0055 3A       		.uleb128 0x3a
 559 0056 0B       		.uleb128 0xb
 560 0057 3B       		.uleb128 0x3b
 561 0058 0B       		.uleb128 0xb
 562 0059 27       		.uleb128 0x27
 563 005a 19       		.uleb128 0x19
 564 005b 49       		.uleb128 0x49
 565 005c 13       		.uleb128 0x13
 566 005d 11       		.uleb128 0x11
 567 005e 01       		.uleb128 0x1
 568 005f 12       		.uleb128 0x12
 569 0060 06       		.uleb128 0x6
 570 0061 40       		.uleb128 0x40
 571 0062 18       		.uleb128 0x18
 572 0063 9742     		.uleb128 0x2117
 573 0065 19       		.uleb128 0x19
 574 0066 01       		.uleb128 0x1
 575 0067 13       		.uleb128 0x13
 576 0068 00       		.byte	0
 577 0069 00       		.byte	0
 578 006a 07       		.uleb128 0x7
ARM GAS  C:\Users\Petro\AppData\Local\Temp\ccT2nlhk.s 			page 13


 579 006b 34       		.uleb128 0x34
 580 006c 00       		.byte	0
 581 006d 03       		.uleb128 0x3
 582 006e 0E       		.uleb128 0xe
 583 006f 3A       		.uleb128 0x3a
 584 0070 0B       		.uleb128 0xb
 585 0071 3B       		.uleb128 0x3b
 586 0072 0B       		.uleb128 0xb
 587 0073 49       		.uleb128 0x49
 588 0074 13       		.uleb128 0x13
 589 0075 02       		.uleb128 0x2
 590 0076 18       		.uleb128 0x18
 591 0077 00       		.byte	0
 592 0078 00       		.byte	0
 593 0079 08       		.uleb128 0x8
 594 007a 2E       		.uleb128 0x2e
 595 007b 01       		.byte	0x1
 596 007c 3F       		.uleb128 0x3f
 597 007d 19       		.uleb128 0x19
 598 007e 03       		.uleb128 0x3
 599 007f 0E       		.uleb128 0xe
 600 0080 3A       		.uleb128 0x3a
 601 0081 0B       		.uleb128 0xb
 602 0082 3B       		.uleb128 0x3b
 603 0083 0B       		.uleb128 0xb
 604 0084 27       		.uleb128 0x27
 605 0085 19       		.uleb128 0x19
 606 0086 11       		.uleb128 0x11
 607 0087 01       		.uleb128 0x1
 608 0088 12       		.uleb128 0x12
 609 0089 06       		.uleb128 0x6
 610 008a 40       		.uleb128 0x40
 611 008b 18       		.uleb128 0x18
 612 008c 9742     		.uleb128 0x2117
 613 008e 19       		.uleb128 0x19
 614 008f 01       		.uleb128 0x1
 615 0090 13       		.uleb128 0x13
 616 0091 00       		.byte	0
 617 0092 00       		.byte	0
 618 0093 09       		.uleb128 0x9
 619 0094 05       		.uleb128 0x5
 620 0095 00       		.byte	0
 621 0096 03       		.uleb128 0x3
 622 0097 0E       		.uleb128 0xe
 623 0098 3A       		.uleb128 0x3a
 624 0099 0B       		.uleb128 0xb
 625 009a 3B       		.uleb128 0x3b
 626 009b 0B       		.uleb128 0xb
 627 009c 49       		.uleb128 0x49
 628 009d 13       		.uleb128 0x13
 629 009e 02       		.uleb128 0x2
 630 009f 18       		.uleb128 0x18
 631 00a0 00       		.byte	0
 632 00a1 00       		.byte	0
 633 00a2 0A       		.uleb128 0xa
 634 00a3 0F       		.uleb128 0xf
 635 00a4 00       		.byte	0
ARM GAS  C:\Users\Petro\AppData\Local\Temp\ccT2nlhk.s 			page 14


 636 00a5 0B       		.uleb128 0xb
 637 00a6 0B       		.uleb128 0xb
 638 00a7 49       		.uleb128 0x49
 639 00a8 13       		.uleb128 0x13
 640 00a9 00       		.byte	0
 641 00aa 00       		.byte	0
 642 00ab 00       		.byte	0
 643              		.section	.debug_aranges,"",%progbits
 644 0000 44000000 		.4byte	0x44
 645 0004 0200     		.2byte	0x2
 646 0006 00000000 		.4byte	.Ldebug_info0
 647 000a 04       		.byte	0x4
 648 000b 00       		.byte	0
 649 000c 0000     		.2byte	0
 650 000e 0000     		.2byte	0
 651 0010 00000000 		.4byte	.LFB28
 652 0014 3C000000 		.4byte	.LFE28-.LFB28
 653 0018 00000000 		.4byte	.LFB29
 654 001c 28000000 		.4byte	.LFE29-.LFB29
 655 0020 00000000 		.4byte	.LFB30
 656 0024 20000000 		.4byte	.LFE30-.LFB30
 657 0028 00000000 		.4byte	.LFB31
 658 002c 10000000 		.4byte	.LFE31-.LFB31
 659 0030 00000000 		.4byte	.LFB32
 660 0034 20000000 		.4byte	.LFE32-.LFB32
 661 0038 00000000 		.4byte	.LFB33
 662 003c 2C000000 		.4byte	.LFE33-.LFB33
 663 0040 00000000 		.4byte	0
 664 0044 00000000 		.4byte	0
 665              		.section	.debug_ranges,"",%progbits
 666              	.Ldebug_ranges0:
 667 0000 00000000 		.4byte	.LFB28
 668 0004 3C000000 		.4byte	.LFE28
 669 0008 00000000 		.4byte	.LFB29
 670 000c 28000000 		.4byte	.LFE29
 671 0010 00000000 		.4byte	.LFB30
 672 0014 20000000 		.4byte	.LFE30
 673 0018 00000000 		.4byte	.LFB31
 674 001c 10000000 		.4byte	.LFE31
 675 0020 00000000 		.4byte	.LFB32
 676 0024 20000000 		.4byte	.LFE32
 677 0028 00000000 		.4byte	.LFB33
 678 002c 2C000000 		.4byte	.LFE33
 679 0030 00000000 		.4byte	0
 680 0034 00000000 		.4byte	0
 681              		.section	.debug_line,"",%progbits
 682              	.Ldebug_line0:
 683 0000 9D010000 		.section	.debug_str,"MS",%progbits,1
 683      02002001 
 683      00000201 
 683      FB0E0D00 
 683      01010101 
 684              	.LASF31:
 685 0000 47657453 		.ascii	"GetStartTime\000"
 685      74617274 
 685      54696D65 
 685      00
ARM GAS  C:\Users\Petro\AppData\Local\Temp\ccT2nlhk.s 			page 15


 686              	.LASF19:
 687 000d 416C6C6F 		.ascii	"AllowNextSkier\000"
 687      774E6578 
 687      74536B69 
 687      657200
 688              	.LASF30:
 689 001c 47617465 		.ascii	"GateIsOpen\000"
 689      49734F70 
 689      656E00
 690              	.LASF21:
 691 0027 756E6978 		.ascii	"unixTime\000"
 691      54696D65 
 691      00
 692              	.LASF12:
 693 0030 75696E74 		.ascii	"uint64_t\000"
 693      36345F74 
 693      00
 694              	.LASF13:
 695 0039 666C6F61 		.ascii	"float\000"
 695      7400
 696              	.LASF29:
 697 003f 443A5C43 		.ascii	"D:\\Cypress\\system-start-finish\\vesion 2\\fw\\sta"
 697      79707265 
 697      73735C73 
 697      79737465 
 697      6D2D7374 
 698 006d 72745C73 		.ascii	"rt\\sandbox\\v3\\Start(state machine)\\start_v0.cyd"
 698      616E6462 
 698      6F785C76 
 698      335C5374 
 698      61727428 
 699 009c 736E00   		.ascii	"sn\000"
 700              	.LASF1:
 701 009f 756E7369 		.ascii	"unsigned char\000"
 701      676E6564 
 701      20636861 
 701      7200
 702              	.LASF17:
 703 00ad 47415445 		.ascii	"GATE_INTERRUPT\000"
 703      5F494E54 
 703      45525255 
 703      505400
 704              	.LASF5:
 705 00bc 6C6F6E67 		.ascii	"long unsigned int\000"
 705      20756E73 
 705      69676E65 
 705      6420696E 
 705      7400
 706              	.LASF25:
 707 00ce 73617665 		.ascii	"savedRecentMs\000"
 707      64526563 
 707      656E744D 
 707      7300
 708              	.LASF3:
 709 00dc 73686F72 		.ascii	"short unsigned int\000"
 709      7420756E 
 709      7369676E 
ARM GAS  C:\Users\Petro\AppData\Local\Temp\ccT2nlhk.s 			page 16


 709      65642069 
 709      6E7400
 710              	.LASF14:
 711 00ef 646F7562 		.ascii	"double\000"
 711      6C6500
 712              	.LASF20:
 713 00f6 44697341 		.ascii	"DisAllowNextSkier\000"
 713      6C6C6F77 
 713      4E657874 
 713      536B6965 
 713      7200
 714              	.LASF7:
 715 0108 5F5F7569 		.ascii	"__uint32_t\000"
 715      6E743332 
 715      5F7400
 716              	.LASF27:
 717 0113 474E5520 		.ascii	"GNU C 4.9.3 20150303 (release) [ARM/embedded-4_9-br"
 717      4320342E 
 717      392E3320 
 717      32303135 
 717      30333033 
 718 0146 616E6368 		.ascii	"anch revision 221220] -mcpu=cortex-m0 -mthumb -g -O"
 718      20726576 
 718      6973696F 
 718      6E203232 
 718      31323230 
 719 0179 30202D66 		.ascii	"0 -ffunction-sections -ffat-lto-objects\000"
 719      66756E63 
 719      74696F6E 
 719      2D736563 
 719      74696F6E 
 720              	.LASF24:
 721 01a1 73617665 		.ascii	"savedUnixTime\000"
 721      64556E69 
 721      7854696D 
 721      6500
 722              	.LASF10:
 723 01af 756E7369 		.ascii	"unsigned int\000"
 723      676E6564 
 723      20696E74 
 723      00
 724              	.LASF9:
 725 01bc 6C6F6E67 		.ascii	"long long unsigned int\000"
 725      206C6F6E 
 725      6720756E 
 725      7369676E 
 725      65642069 
 726              	.LASF23:
 727 01d3 72657375 		.ascii	"result\000"
 727      6C7400
 728              	.LASF26:
 729 01da 67617465 		.ascii	"gateOpen\000"
 729      4F70656E 
 729      00
 730              	.LASF16:
 731 01e3 73697A65 		.ascii	"sizetype\000"
 731      74797065 
ARM GAS  C:\Users\Petro\AppData\Local\Temp\ccT2nlhk.s 			page 17


 731      00
 732              	.LASF6:
 733 01ec 6C6F6E67 		.ascii	"long long int\000"
 733      206C6F6E 
 733      6720696E 
 733      7400
 734              	.LASF15:
 735 01fa 63686172 		.ascii	"char\000"
 735      00
 736              	.LASF2:
 737 01ff 73686F72 		.ascii	"short int\000"
 737      7420696E 
 737      7400
 738              	.LASF18:
 739 0209 47617465 		.ascii	"GateInit\000"
 739      496E6974 
 739      00
 740              	.LASF8:
 741 0212 5F5F7569 		.ascii	"__uint64_t\000"
 741      6E743634 
 741      5F7400
 742              	.LASF11:
 743 021d 75696E74 		.ascii	"uint32_t\000"
 743      33325F74 
 743      00
 744              	.LASF4:
 745 0226 6C6F6E67 		.ascii	"long int\000"
 745      20696E74 
 745      00
 746              	.LASF0:
 747 022f 7369676E 		.ascii	"signed char\000"
 747      65642063 
 747      68617200 
 748              	.LASF28:
 749 023b 2E5C6C69 		.ascii	".\\lib_Gate\\gate.c\000"
 749      625F4761 
 749      74655C67 
 749      6174652E 
 749      6300
 750              	.LASF22:
 751 024d 72656365 		.ascii	"recentMs\000"
 751      6E744D73 
 751      00
 752              		.ident	"GCC: (GNU Tools for ARM Embedded Processors) 4.9.3 20150303 (release) [ARM/embedded-4_9-br
>>>>>>> kodizhuk/master
