<<<<<<< HEAD
ARM GAS  C:\DOCUME~1\Admin\LOCALS~1\Temp\cc9Su6J3.s 			page 1
=======
ARM GAS  C:\Users\Petro\AppData\Local\Temp\ccJQQH83.s 			page 1
>>>>>>> kodizhuk/master


   1              		.cpu cortex-m0
   2              		.fpu softvfp
   3              		.eabi_attribute 20, 1
   4              		.eabi_attribute 21, 1
   5              		.eabi_attribute 23, 3
   6              		.eabi_attribute 24, 1
   7              		.eabi_attribute 25, 1
   8              		.eabi_attribute 26, 1
   9              		.eabi_attribute 30, 6
  10              		.eabi_attribute 34, 0
  11              		.eabi_attribute 18, 4
  12              		.code	16
  13              		.file	"gate.c"
  14              		.text
  15              	.Ltext0:
  16              		.cfi_sections	.debug_frame
  17              		.bss
  18              		.align	1
  19              	minMs:
  20 0000 0000     		.space	2
  21              		.align	1
  22              	maxMs:
  23 0002 0000     		.space	2
  24              		.comm	tmpMs,2,2
<<<<<<< HEAD
  25              		.comm	fatFs,560,4
  26              		.comm	fileO,552,4
  27              		.comm	createFlag,4,4
  28 0004 00000000 		.align	3
  29              	savedUnixTime:
  30 0008 00000000 		.space	8
  30      00000000 
  31              		.align	2
  32              	savedRecentMs:
  33 0010 00000000 		.space	4
  34              		.align	2
  35              	gateOpen:
  36 0014 00000000 		.space	4
  37              		.section	.text.GATE_INTERRUPT,"ax",%progbits
  38              		.align	2
  39              		.global	GATE_INTERRUPT
  40              		.code	16
  41              		.thumb_func
  42              		.type	GATE_INTERRUPT, %function
  43              	GATE_INTERRUPT:
  44              	.LFB63:
  45              		.file 1 ".\\lib_Gate\\gate.c"
   1:.\lib_Gate/gate.c **** 
   2:.\lib_Gate/gate.c **** #include "lib_Gate\gate.h"
   3:.\lib_Gate/gate.c **** 
   4:.\lib_Gate/gate.c **** /*gate interrupt*/
   5:.\lib_Gate/gate.c **** CY_ISR(GATE_INTERRUPT)
   6:.\lib_Gate/gate.c **** {   
  46              		.loc 1 6 0
  47              		.cfi_startproc
  48 0000 98B5     		push	{r3, r4, r7, lr}
  49              		.cfi_def_cfa_offset 16
  50              		.cfi_offset 3, -16
ARM GAS  C:\DOCUME~1\Admin\LOCALS~1\Temp\cc9Su6J3.s 			page 2


  51              		.cfi_offset 4, -12
  52              		.cfi_offset 7, -8
  53              		.cfi_offset 14, -4
  54 0002 00AF     		add	r7, sp, #0
  55              		.cfi_def_cfa_register 7
   7:.\lib_Gate/gate.c ****     GATE_INT_Disable();
  56              		.loc 1 7 0
  57 0004 FFF7FEFF 		bl	GATE_INT_Disable
   8:.\lib_Gate/gate.c ****     
   9:.\lib_Gate/gate.c ****     gateOpen = GATE_OPEN;    
  58              		.loc 1 9 0
  59 0008 0A4B     		ldr	r3, .L2
  60 000a 0122     		mov	r2, #1
  61 000c 1A60     		str	r2, [r3]
  10:.\lib_Gate/gate.c **** 
  11:.\lib_Gate/gate.c ****     savedUnixTime = RTCGetUnixTime();
  62              		.loc 1 11 0
  63 000e FFF7FEFF 		bl	RTCGetUnixTime
  64 0012 031C     		mov	r3, r0
  65 0014 0C1C     		mov	r4, r1
  66 0016 084A     		ldr	r2, .L2+4
  67 0018 1360     		str	r3, [r2]
  68 001a 5460     		str	r4, [r2, #4]
  12:.\lib_Gate/gate.c ****     savedRecentMs = RTCgetRecentMs();
  69              		.loc 1 12 0
  70 001c FFF7FEFF 		bl	RTCgetRecentMs
  71 0020 021C     		mov	r2, r0
  72 0022 064B     		ldr	r3, .L2+8
  73 0024 1A60     		str	r2, [r3]
  13:.\lib_Gate/gate.c ****     
  14:.\lib_Gate/gate.c ****     GatePin_ClearInterrupt();
  74              		.loc 1 14 0
  75 0026 FFF7FEFF 		bl	GatePin_ClearInterrupt
  15:.\lib_Gate/gate.c ****     GATE_INT_ClearPending();   
  76              		.loc 1 15 0
  77 002a FFF7FEFF 		bl	GATE_INT_ClearPending
  16:.\lib_Gate/gate.c **** }
  78              		.loc 1 16 0
  79 002e BD46     		mov	sp, r7
  80              		@ sp needed
  81 0030 98BD     		pop	{r3, r4, r7, pc}
  82              	.L3:
  83 0032 C046     		.align	2
  84              	.L2:
  85 0034 14000000 		.word	gateOpen
  86 0038 08000000 		.word	savedUnixTime
  87 003c 10000000 		.word	savedRecentMs
  88              		.cfi_endproc
  89              	.LFE63:
  90              		.size	GATE_INTERRUPT, .-GATE_INTERRUPT
  91              		.section	.text.GateInit,"ax",%progbits
  92              		.align	2
  93              		.global	GateInit
  94              		.code	16
  95              		.thumb_func
  96              		.type	GateInit, %function
  97              	GateInit:
ARM GAS  C:\DOCUME~1\Admin\LOCALS~1\Temp\cc9Su6J3.s 			page 3


  98              	.LFB64:
  17:.\lib_Gate/gate.c **** 
  18:.\lib_Gate/gate.c **** /*******************************************************************************
  19:.\lib_Gate/gate.c **** * Function Name: GateInit
  20:.\lib_Gate/gate.c **** ********************************************************************************
  21:.\lib_Gate/gate.c **** *
  22:.\lib_Gate/gate.c **** * Summary:
  23:.\lib_Gate/gate.c **** *   inittilisation the gate pin
  24:.\lib_Gate/gate.c **** *   disable interrupt from gate
  25:.\lib_Gate/gate.c **** *
  26:.\lib_Gate/gate.c **** *******************************************************************************/
  27:.\lib_Gate/gate.c **** void GateInit(void)
  28:.\lib_Gate/gate.c **** {
  99              		.loc 1 28 0
 100              		.cfi_startproc
 101 0000 80B5     		push	{r7, lr}
 102              		.cfi_def_cfa_offset 8
 103              		.cfi_offset 7, -8
 104              		.cfi_offset 14, -4
 105 0002 00AF     		add	r7, sp, #0
 106              		.cfi_def_cfa_register 7
  29:.\lib_Gate/gate.c ****     GatePin_ClearInterrupt();
 107              		.loc 1 29 0
 108 0004 FFF7FEFF 		bl	GatePin_ClearInterrupt
  30:.\lib_Gate/gate.c ****     GATE_INT_ClearPending();
 109              		.loc 1 30 0
 110 0008 FFF7FEFF 		bl	GATE_INT_ClearPending
  31:.\lib_Gate/gate.c ****     GATE_INT_StartEx(GATE_INTERRUPT); 
 111              		.loc 1 31 0
 112 000c 054B     		ldr	r3, .L5
 113 000e 181C     		mov	r0, r3
 114 0010 FFF7FEFF 		bl	GATE_INT_StartEx
  32:.\lib_Gate/gate.c ****     GATE_INT_Disable();
 115              		.loc 1 32 0
 116 0014 FFF7FEFF 		bl	GATE_INT_Disable
  33:.\lib_Gate/gate.c ****     
  34:.\lib_Gate/gate.c ****     gateOpen = GATE_CLOSE;     
 117              		.loc 1 34 0
 118 0018 034B     		ldr	r3, .L5+4
 119 001a 0022     		mov	r2, #0
 120 001c 1A60     		str	r2, [r3]
  35:.\lib_Gate/gate.c **** }
 121              		.loc 1 35 0
 122 001e BD46     		mov	sp, r7
 123              		@ sp needed
 124 0020 80BD     		pop	{r7, pc}
 125              	.L6:
 126 0022 C046     		.align	2
 127              	.L5:
 128 0024 00000000 		.word	GATE_INTERRUPT
 129 0028 14000000 		.word	gateOpen
 130              		.cfi_endproc
 131              	.LFE64:
 132              		.size	GateInit, .-GateInit
 133              		.section	.text.GateIsOpen,"ax",%progbits
 134              		.align	2
 135              		.global	GateIsOpen
ARM GAS  C:\DOCUME~1\Admin\LOCALS~1\Temp\cc9Su6J3.s 			page 4


 136              		.code	16
 137              		.thumb_func
 138              		.type	GateIsOpen, %function
 139              	GateIsOpen:
 140              	.LFB65:
  36:.\lib_Gate/gate.c **** 
  37:.\lib_Gate/gate.c **** 
  38:.\lib_Gate/gate.c **** /*******************************************************************************
  39:.\lib_Gate/gate.c **** * Function Name: GateOpen
  40:.\lib_Gate/gate.c **** ********************************************************************************
  41:.\lib_Gate/gate.c **** *
  42:.\lib_Gate/gate.c **** * Summary:
  43:.\lib_Gate/gate.c **** *  verification or gate closed
  44:.\lib_Gate/gate.c **** *
  45:.\lib_Gate/gate.c **** * Return:
  46:.\lib_Gate/gate.c **** *  GATE_CLOSE or GATE_OPEN
  47:.\lib_Gate/gate.c **** *******************************************************************************/
  48:.\lib_Gate/gate.c **** uint32_t GateIsOpen(void)
  49:.\lib_Gate/gate.c **** {   
 141              		.loc 1 49 0
 142              		.cfi_startproc
 143 0000 80B5     		push	{r7, lr}
 144              		.cfi_def_cfa_offset 8
 145              		.cfi_offset 7, -8
 146              		.cfi_offset 14, -4
 147 0002 82B0     		sub	sp, sp, #8
 148              		.cfi_def_cfa_offset 16
 149 0004 00AF     		add	r7, sp, #0
 150              		.cfi_def_cfa_register 7
  50:.\lib_Gate/gate.c ****     uint32_t result;
  51:.\lib_Gate/gate.c ****     
  52:.\lib_Gate/gate.c ****     result = gateOpen;
 151              		.loc 1 52 0
 152 0006 054B     		ldr	r3, .L9
 153 0008 1B68     		ldr	r3, [r3]
 154 000a 7B60     		str	r3, [r7, #4]
  53:.\lib_Gate/gate.c ****     gateOpen = GATE_CLOSE;
 155              		.loc 1 53 0
 156 000c 034B     		ldr	r3, .L9
 157 000e 0022     		mov	r2, #0
 158 0010 1A60     		str	r2, [r3]
  54:.\lib_Gate/gate.c ****     
  55:.\lib_Gate/gate.c ****     return result;
 159              		.loc 1 55 0
 160 0012 7B68     		ldr	r3, [r7, #4]
  56:.\lib_Gate/gate.c **** }
 161              		.loc 1 56 0
 162 0014 181C     		mov	r0, r3
 163 0016 BD46     		mov	sp, r7
 164 0018 02B0     		add	sp, sp, #8
 165              		@ sp needed
 166 001a 80BD     		pop	{r7, pc}
 167              	.L10:
 168              		.align	2
 169              	.L9:
 170 001c 14000000 		.word	gateOpen
 171              		.cfi_endproc
ARM GAS  C:\DOCUME~1\Admin\LOCALS~1\Temp\cc9Su6J3.s 			page 5


 172              	.LFE65:
 173              		.size	GateIsOpen, .-GateIsOpen
 174              		.section	.text.AllowNextSkier,"ax",%progbits
 175              		.align	2
 176              		.global	AllowNextSkier
 177              		.code	16
 178              		.thumb_func
 179              		.type	AllowNextSkier, %function
 180              	AllowNextSkier:
 181              	.LFB66:
  57:.\lib_Gate/gate.c **** 
  58:.\lib_Gate/gate.c **** 
  59:.\lib_Gate/gate.c **** /*******************************************************************************
  60:.\lib_Gate/gate.c **** * Function Name: AllowNextSkier
  61:.\lib_Gate/gate.c **** ********************************************************************************
  62:.\lib_Gate/gate.c **** *
  63:.\lib_Gate/gate.c **** * Summary:
  64:.\lib_Gate/gate.c **** *   allow the new skier on way(enable gate interrupt)
  65:.\lib_Gate/gate.c **** *
  66:.\lib_Gate/gate.c **** *******************************************************************************/
  67:.\lib_Gate/gate.c **** void AllowNextSkier(void)
  68:.\lib_Gate/gate.c **** {
 182              		.loc 1 68 0
 183              		.cfi_startproc
 184 0000 80B5     		push	{r7, lr}
 185              		.cfi_def_cfa_offset 8
 186              		.cfi_offset 7, -8
 187              		.cfi_offset 14, -4
 188 0002 00AF     		add	r7, sp, #0
 189              		.cfi_def_cfa_register 7
  69:.\lib_Gate/gate.c ****     GatePin_ClearInterrupt();
 190              		.loc 1 69 0
 191 0004 FFF7FEFF 		bl	GatePin_ClearInterrupt
  70:.\lib_Gate/gate.c ****     GATE_INT_ClearPending();
 192              		.loc 1 70 0
 193 0008 FFF7FEFF 		bl	GATE_INT_ClearPending
  71:.\lib_Gate/gate.c ****     GATE_INT_Enable();
 194              		.loc 1 71 0
 195 000c FFF7FEFF 		bl	GATE_INT_Enable
  72:.\lib_Gate/gate.c **** }
 196              		.loc 1 72 0
 197 0010 BD46     		mov	sp, r7
 198              		@ sp needed
 199 0012 80BD     		pop	{r7, pc}
 200              		.cfi_endproc
 201              	.LFE66:
 202              		.size	AllowNextSkier, .-AllowNextSkier
 203              		.section	.text.GetFinTime,"ax",%progbits
 204              		.align	2
 205              		.global	GetFinTime
 206              		.code	16
 207              		.thumb_func
 208              		.type	GetFinTime, %function
 209              	GetFinTime:
 210              	.LFB67:
  73:.\lib_Gate/gate.c **** 
  74:.\lib_Gate/gate.c **** 
ARM GAS  C:\DOCUME~1\Admin\LOCALS~1\Temp\cc9Su6J3.s 			page 6


  75:.\lib_Gate/gate.c **** /*******************************************************************************
  76:.\lib_Gate/gate.c **** * Function Name: GetFinTime
  77:.\lib_Gate/gate.c **** ********************************************************************************
  78:.\lib_Gate/gate.c **** *
  79:.\lib_Gate/gate.c **** * Summary:
  80:.\lib_Gate/gate.c **** *   reading recorded in the interruption time finish skier
  81:.\lib_Gate/gate.c **** * Parametrs:
  82:.\lib_Gate/gate.c **** *   *unixTime - pointer from unix time skier
  83:.\lib_Gate/gate.c **** *   *recentMs - pointer from miliseconds time
  84:.\lib_Gate/gate.c **** *
  85:.\lib_Gate/gate.c **** *******************************************************************************/
  86:.\lib_Gate/gate.c **** void GetFinTime(uint64_t *unixTime,  uint32_t *recentMs)
  87:.\lib_Gate/gate.c **** {
 211              		.loc 1 87 0
 212              		.cfi_startproc
 213 0000 90B5     		push	{r4, r7, lr}
 214              		.cfi_def_cfa_offset 12
 215              		.cfi_offset 4, -12
 216              		.cfi_offset 7, -8
 217              		.cfi_offset 14, -4
 218 0002 83B0     		sub	sp, sp, #12
 219              		.cfi_def_cfa_offset 24
 220 0004 00AF     		add	r7, sp, #0
 221              		.cfi_def_cfa_register 7
 222 0006 7860     		str	r0, [r7, #4]
 223 0008 3960     		str	r1, [r7]
  88:.\lib_Gate/gate.c ****     *unixTime = savedUnixTime;
 224              		.loc 1 88 0
 225 000a 064B     		ldr	r3, .L13
 226 000c 5C68     		ldr	r4, [r3, #4]
 227 000e 1B68     		ldr	r3, [r3]
 228 0010 7A68     		ldr	r2, [r7, #4]
 229 0012 1360     		str	r3, [r2]
 230 0014 5460     		str	r4, [r2, #4]
  89:.\lib_Gate/gate.c ****     *recentMs = savedRecentMs;
 231              		.loc 1 89 0
 232 0016 044B     		ldr	r3, .L13+4
 233 0018 1A68     		ldr	r2, [r3]
 234 001a 3B68     		ldr	r3, [r7]
 235 001c 1A60     		str	r2, [r3]
  90:.\lib_Gate/gate.c **** }
 236              		.loc 1 90 0
 237 001e BD46     		mov	sp, r7
 238 0020 03B0     		add	sp, sp, #12
 239              		@ sp needed
 240 0022 90BD     		pop	{r4, r7, pc}
 241              	.L14:
 242              		.align	2
 243              	.L13:
 244 0024 08000000 		.word	savedUnixTime
 245 0028 10000000 		.word	savedRecentMs
 246              		.cfi_endproc
 247              	.LFE67:
 248              		.size	GetFinTime, .-GetFinTime
 249              		.text
 250              	.Letext0:
 251              		.file 2 "c:\\program files\\cypress\\psoc creator\\3.3\\psoc creator\\import\\gnu\\arm\\4.9.3\\arm
ARM GAS  C:\DOCUME~1\Admin\LOCALS~1\Temp\cc9Su6J3.s 			page 7


 252              		.file 3 "c:\\program files\\cypress\\psoc creator\\3.3\\psoc creator\\import\\gnu\\arm\\4.9.3\\arm
 253              		.file 4 "./lib_Fat\\integer.h"
 254              		.file 5 "./lib_Fat\\ff.h"
 255              		.file 6 "./debug.h"
 256              		.file 7 "./lib_Gate\\gate.h"
 257              		.file 8 "./lib_DB\\logResult.h"
 258              		.section	.debug_info,"",%progbits
 259              	.Ldebug_info0:
 260 0000 08040000 		.4byte	0x408
 261 0004 0400     		.2byte	0x4
 262 0006 00000000 		.4byte	.Ldebug_abbrev0
 263 000a 04       		.byte	0x4
 264 000b 01       		.uleb128 0x1
 265 000c BB010000 		.4byte	.LASF65
 266 0010 01       		.byte	0x1
 267 0011 C8020000 		.4byte	.LASF66
 268 0015 1F000000 		.4byte	.LASF67
 269 0019 00000000 		.4byte	.Ldebug_ranges0+0
 270 001d 00000000 		.4byte	0
 271 0021 00000000 		.4byte	.Ldebug_line0
 272 0025 02       		.uleb128 0x2
 273 0026 01       		.byte	0x1
 274 0027 06       		.byte	0x6
 275 0028 C3000000 		.4byte	.LASF0
 276 002c 02       		.uleb128 0x2
 277 002d 01       		.byte	0x1
 278 002e 08       		.byte	0x8
 279 002f 25010000 		.4byte	.LASF1
 280 0033 02       		.uleb128 0x2
 281 0034 02       		.byte	0x2
 282 0035 05       		.byte	0x5
 283 0036 53000000 		.4byte	.LASF2
 284 003a 03       		.uleb128 0x3
 285 003b 9B000000 		.4byte	.LASF5
 286 003f 02       		.byte	0x2
 287 0040 2B       		.byte	0x2b
 288 0041 45000000 		.4byte	0x45
 289 0045 02       		.uleb128 0x2
 290 0046 02       		.byte	0x2
 291 0047 07       		.byte	0x7
 292 0048 9B010000 		.4byte	.LASF3
 293 004c 02       		.uleb128 0x2
 294 004d 04       		.byte	0x4
 295 004e 05       		.byte	0x5
 296 004f EB000000 		.4byte	.LASF4
 297 0053 03       		.uleb128 0x3
 298 0054 80000000 		.4byte	.LASF6
 299 0058 02       		.byte	0x2
 300 0059 41       		.byte	0x41
 301 005a 5E000000 		.4byte	0x5e
 302 005e 02       		.uleb128 0x2
 303 005f 04       		.byte	0x4
 304 0060 07       		.byte	0x7
 305 0061 76020000 		.4byte	.LASF7
 306 0065 02       		.uleb128 0x2
 307 0066 08       		.byte	0x8
 308 0067 05       		.byte	0x5
ARM GAS  C:\DOCUME~1\Admin\LOCALS~1\Temp\cc9Su6J3.s 			page 8


 309 0068 D5000000 		.4byte	.LASF8
 310 006c 03       		.uleb128 0x3
 311 006d 57020000 		.4byte	.LASF9
 312 0071 02       		.byte	0x2
 313 0072 5B       		.byte	0x5b
 314 0073 77000000 		.4byte	0x77
 315 0077 02       		.uleb128 0x2
 316 0078 08       		.byte	0x8
 317 0079 07       		.byte	0x7
 318 007a 44010000 		.4byte	.LASF10
 319 007e 04       		.uleb128 0x4
 320 007f 04       		.byte	0x4
 321 0080 05       		.byte	0x5
 322 0081 696E7400 		.ascii	"int\000"
 323 0085 02       		.uleb128 0x2
 324 0086 04       		.byte	0x4
 325 0087 07       		.byte	0x7
 326 0088 6A010000 		.4byte	.LASF11
 327 008c 03       		.uleb128 0x3
 328 008d 77010000 		.4byte	.LASF12
 329 0091 03       		.byte	0x3
 330 0092 21       		.byte	0x21
 331 0093 3A000000 		.4byte	0x3a
 332 0097 03       		.uleb128 0x3
 333 0098 61010000 		.4byte	.LASF13
 334 009c 03       		.byte	0x3
 335 009d 2D       		.byte	0x2d
 336 009e 53000000 		.4byte	0x53
 337 00a2 03       		.uleb128 0x3
 338 00a3 4A000000 		.4byte	.LASF14
 339 00a7 03       		.byte	0x3
 340 00a8 39       		.byte	0x39
 341 00a9 6C000000 		.4byte	0x6c
 342 00ad 02       		.uleb128 0x2
 343 00ae 04       		.byte	0x4
 344 00af 04       		.byte	0x4
 345 00b0 CF000000 		.4byte	.LASF15
 346 00b4 02       		.uleb128 0x2
 347 00b5 08       		.byte	0x8
 348 00b6 04       		.byte	0x4
 349 00b7 97020000 		.4byte	.LASF16
 350 00bb 02       		.uleb128 0x2
 351 00bc 01       		.byte	0x1
 352 00bd 08       		.byte	0x8
 353 00be AE010000 		.4byte	.LASF17
 354 00c2 02       		.uleb128 0x2
 355 00c3 04       		.byte	0x4
 356 00c4 07       		.byte	0x7
 357 00c5 5D000000 		.4byte	.LASF18
 358 00c9 03       		.uleb128 0x3
 359 00ca 96000000 		.4byte	.LASF19
 360 00ce 04       		.byte	0x4
 361 00cf 10       		.byte	0x10
 362 00d0 2C000000 		.4byte	0x2c
 363 00d4 03       		.uleb128 0x3
 364 00d5 B0000000 		.4byte	.LASF20
 365 00d9 04       		.byte	0x4
ARM GAS  C:\DOCUME~1\Admin\LOCALS~1\Temp\cc9Su6J3.s 			page 9


 366 00da 14       		.byte	0x14
 367 00db 45000000 		.4byte	0x45
 368 00df 03       		.uleb128 0x3
 369 00e0 16010000 		.4byte	.LASF21
 370 00e4 04       		.byte	0x4
 371 00e5 1D       		.byte	0x1d
 372 00e6 5E000000 		.4byte	0x5e
 373 00ea 03       		.uleb128 0x3
 374 00eb 4F020000 		.4byte	.LASF22
 375 00ef 05       		.byte	0x5
 376 00f0 55       		.byte	0x55
 377 00f1 DF000000 		.4byte	0xdf
 378 00f5 05       		.uleb128 0x5
 379 00f6 3002     		.2byte	0x230
 380 00f8 05       		.byte	0x5
 381 00f9 5C       		.byte	0x5c
 382 00fa D6010000 		.4byte	0x1d6
 383 00fe 06       		.uleb128 0x6
 384 00ff 17000000 		.4byte	.LASF23
 385 0103 05       		.byte	0x5
 386 0104 5D       		.byte	0x5d
 387 0105 C9000000 		.4byte	0xc9
 388 0109 00       		.byte	0
 389 010a 07       		.uleb128 0x7
 390 010b 64727600 		.ascii	"drv\000"
 391 010f 05       		.byte	0x5
 392 0110 5E       		.byte	0x5e
 393 0111 C9000000 		.4byte	0xc9
 394 0115 01       		.byte	0x1
 395 0116 06       		.uleb128 0x6
 396 0117 00000000 		.4byte	.LASF24
 397 011b 05       		.byte	0x5
 398 011c 5F       		.byte	0x5f
 399 011d C9000000 		.4byte	0xc9
 400 0121 02       		.byte	0x2
 401 0122 06       		.uleb128 0x6
 402 0123 3E010000 		.4byte	.LASF25
 403 0127 05       		.byte	0x5
 404 0128 60       		.byte	0x60
 405 0129 C9000000 		.4byte	0xc9
 406 012d 03       		.byte	0x3
 407 012e 06       		.uleb128 0x6
 408 012f 1C010000 		.4byte	.LASF26
 409 0133 05       		.byte	0x5
 410 0134 61       		.byte	0x61
 411 0135 C9000000 		.4byte	0xc9
 412 0139 04       		.byte	0x4
 413 013a 07       		.uleb128 0x7
 414 013b 696400   		.ascii	"id\000"
 415 013e 05       		.byte	0x5
 416 013f 62       		.byte	0x62
 417 0140 D4000000 		.4byte	0xd4
 418 0144 06       		.byte	0x6
 419 0145 06       		.uleb128 0x6
 420 0146 06010000 		.4byte	.LASF27
 421 014a 05       		.byte	0x5
 422 014b 63       		.byte	0x63
ARM GAS  C:\DOCUME~1\Admin\LOCALS~1\Temp\cc9Su6J3.s 			page 10


 423 014c D4000000 		.4byte	0xd4
 424 0150 08       		.byte	0x8
 425 0151 06       		.uleb128 0x6
 426 0152 FA000000 		.4byte	.LASF28
 427 0156 05       		.byte	0x5
 428 0157 64       		.byte	0x64
 429 0158 D4000000 		.4byte	0xd4
 430 015c 0A       		.byte	0xa
 431 015d 06       		.uleb128 0x6
 432 015e 89010000 		.4byte	.LASF29
 433 0162 05       		.byte	0x5
 434 0163 72       		.byte	0x72
 435 0164 DF000000 		.4byte	0xdf
 436 0168 0C       		.byte	0xc
 437 0169 06       		.uleb128 0x6
 438 016a A6000000 		.4byte	.LASF30
 439 016e 05       		.byte	0x5
 440 016f 73       		.byte	0x73
 441 0170 DF000000 		.4byte	0xdf
 442 0174 10       		.byte	0x10
 443 0175 06       		.uleb128 0x6
 444 0176 BF020000 		.4byte	.LASF31
 445 017a 05       		.byte	0x5
 446 017b 7D       		.byte	0x7d
 447 017c DF000000 		.4byte	0xdf
 448 0180 14       		.byte	0x14
 449 0181 06       		.uleb128 0x6
 450 0182 10010000 		.4byte	.LASF32
 451 0186 05       		.byte	0x5
 452 0187 7E       		.byte	0x7e
 453 0188 DF000000 		.4byte	0xdf
 454 018c 18       		.byte	0x18
 455 018d 06       		.uleb128 0x6
 456 018e 05030000 		.4byte	.LASF33
 457 0192 05       		.byte	0x5
 458 0193 7F       		.byte	0x7f
 459 0194 DF000000 		.4byte	0xdf
 460 0198 1C       		.byte	0x1c
 461 0199 06       		.uleb128 0x6
 462 019a B3010000 		.4byte	.LASF34
 463 019e 05       		.byte	0x5
 464 019f 80       		.byte	0x80
 465 01a0 DF000000 		.4byte	0xdf
 466 01a4 20       		.byte	0x20
 467 01a5 06       		.uleb128 0x6
 468 01a6 AC020000 		.4byte	.LASF35
 469 01aa 05       		.byte	0x5
 470 01ab 81       		.byte	0x81
 471 01ac DF000000 		.4byte	0xdf
 472 01b0 24       		.byte	0x24
 473 01b1 06       		.uleb128 0x6
 474 01b2 80010000 		.4byte	.LASF36
 475 01b6 05       		.byte	0x5
 476 01b7 82       		.byte	0x82
 477 01b8 DF000000 		.4byte	0xdf
 478 01bc 28       		.byte	0x28
 479 01bd 06       		.uleb128 0x6
ARM GAS  C:\DOCUME~1\Admin\LOCALS~1\Temp\cc9Su6J3.s 			page 11


 480 01be 0D030000 		.4byte	.LASF37
 481 01c2 05       		.byte	0x5
 482 01c3 83       		.byte	0x83
 483 01c4 DF000000 		.4byte	0xdf
 484 01c8 2C       		.byte	0x2c
 485 01c9 07       		.uleb128 0x7
 486 01ca 77696E00 		.ascii	"win\000"
 487 01ce 05       		.byte	0x5
 488 01cf 84       		.byte	0x84
 489 01d0 D6010000 		.4byte	0x1d6
 490 01d4 30       		.byte	0x30
 491 01d5 00       		.byte	0
 492 01d6 08       		.uleb128 0x8
 493 01d7 C9000000 		.4byte	0xc9
 494 01db E7010000 		.4byte	0x1e7
 495 01df 09       		.uleb128 0x9
 496 01e0 C2000000 		.4byte	0xc2
 497 01e4 FF01     		.2byte	0x1ff
 498 01e6 00       		.byte	0
 499 01e7 03       		.uleb128 0x3
 500 01e8 70020000 		.4byte	.LASF38
 501 01ec 05       		.byte	0x5
 502 01ed 85       		.byte	0x85
 503 01ee F5000000 		.4byte	0xf5
 504 01f2 0A       		.uleb128 0xa
 505 01f3 10       		.byte	0x10
 506 01f4 05       		.byte	0x5
 507 01f5 8B       		.byte	0x8b
 508 01f6 41020000 		.4byte	0x241
 509 01fa 07       		.uleb128 0x7
 510 01fb 667300   		.ascii	"fs\000"
 511 01fe 05       		.byte	0x5
 512 01ff 8C       		.byte	0x8c
 513 0200 41020000 		.4byte	0x241
 514 0204 00       		.byte	0
 515 0205 07       		.uleb128 0x7
 516 0206 696400   		.ascii	"id\000"
 517 0209 05       		.byte	0x5
 518 020a 8D       		.byte	0x8d
 519 020b D4000000 		.4byte	0xd4
 520 020f 04       		.byte	0x4
 521 0210 06       		.uleb128 0x6
 522 0211 BA020000 		.4byte	.LASF39
 523 0215 05       		.byte	0x5
 524 0216 8E       		.byte	0x8e
 525 0217 C9000000 		.4byte	0xc9
 526 021b 06       		.byte	0x6
 527 021c 06       		.uleb128 0x6
 528 021d 00030000 		.4byte	.LASF40
 529 0221 05       		.byte	0x5
 530 0222 8F       		.byte	0x8f
 531 0223 C9000000 		.4byte	0xc9
 532 0227 07       		.byte	0x7
 533 0228 06       		.uleb128 0x6
 534 0229 EE020000 		.4byte	.LASF41
 535 022d 05       		.byte	0x5
 536 022e 90       		.byte	0x90
ARM GAS  C:\DOCUME~1\Admin\LOCALS~1\Temp\cc9Su6J3.s 			page 12


 537 022f DF000000 		.4byte	0xdf
 538 0233 08       		.byte	0x8
 539 0234 06       		.uleb128 0x6
 540 0235 E3000000 		.4byte	.LASF42
 541 0239 05       		.byte	0x5
 542 023a 91       		.byte	0x91
 543 023b EA000000 		.4byte	0xea
 544 023f 0C       		.byte	0xc
 545 0240 00       		.byte	0
 546 0241 0B       		.uleb128 0xb
 547 0242 04       		.byte	0x4
 548 0243 E7010000 		.4byte	0x1e7
 549 0247 03       		.uleb128 0x3
 550 0248 00010000 		.4byte	.LASF43
 551 024c 05       		.byte	0x5
 552 024d 9B       		.byte	0x9b
 553 024e F2010000 		.4byte	0x1f2
 554 0252 05       		.uleb128 0x5
 555 0253 2802     		.2byte	0x228
 556 0255 05       		.byte	0x5
 557 0256 A1       		.byte	0xa1
 558 0257 C8020000 		.4byte	0x2c8
 559 025b 07       		.uleb128 0x7
 560 025c 6F626A00 		.ascii	"obj\000"
 561 0260 05       		.byte	0x5
 562 0261 A2       		.byte	0xa2
 563 0262 47020000 		.4byte	0x247
 564 0266 00       		.byte	0
 565 0267 06       		.uleb128 0x6
 566 0268 FB020000 		.4byte	.LASF44
 567 026c 05       		.byte	0x5
 568 026d A3       		.byte	0xa3
 569 026e C9000000 		.4byte	0xc9
 570 0272 10       		.byte	0x10
 571 0273 07       		.uleb128 0x7
 572 0274 65727200 		.ascii	"err\000"
 573 0278 05       		.byte	0x5
 574 0279 A4       		.byte	0xa4
 575 027a C9000000 		.4byte	0xc9
 576 027e 11       		.byte	0x11
 577 027f 06       		.uleb128 0x6
 578 0280 BE000000 		.4byte	.LASF45
 579 0284 05       		.byte	0x5
 580 0285 A5       		.byte	0xa5
 581 0286 EA000000 		.4byte	0xea
 582 028a 14       		.byte	0x14
 583 028b 06       		.uleb128 0x6
 584 028c F4000000 		.4byte	.LASF46
 585 0290 05       		.byte	0x5
 586 0291 A6       		.byte	0xa6
 587 0292 DF000000 		.4byte	0xdf
 588 0296 18       		.byte	0x18
 589 0297 06       		.uleb128 0x6
 590 0298 E9020000 		.4byte	.LASF47
 591 029c 05       		.byte	0x5
 592 029d A7       		.byte	0xa7
 593 029e DF000000 		.4byte	0xdf
ARM GAS  C:\DOCUME~1\Admin\LOCALS~1\Temp\cc9Su6J3.s 			page 13


 594 02a2 1C       		.byte	0x1c
 595 02a3 06       		.uleb128 0x6
 596 02a4 15030000 		.4byte	.LASF48
 597 02a8 05       		.byte	0x5
 598 02a9 A9       		.byte	0xa9
 599 02aa DF000000 		.4byte	0xdf
 600 02ae 20       		.byte	0x20
 601 02af 06       		.uleb128 0x6
 602 02b0 93010000 		.4byte	.LASF49
 603 02b4 05       		.byte	0x5
 604 02b5 AA       		.byte	0xaa
 605 02b6 C8020000 		.4byte	0x2c8
 606 02ba 24       		.byte	0x24
 607 02bb 07       		.uleb128 0x7
 608 02bc 62756600 		.ascii	"buf\000"
 609 02c0 05       		.byte	0x5
 610 02c1 B0       		.byte	0xb0
 611 02c2 D6010000 		.4byte	0x1d6
 612 02c6 28       		.byte	0x28
 613 02c7 00       		.byte	0
 614 02c8 0B       		.uleb128 0xb
 615 02c9 04       		.byte	0x4
 616 02ca C9000000 		.4byte	0xc9
 617 02ce 0C       		.uleb128 0xc
 618 02cf 46494C00 		.ascii	"FIL\000"
 619 02d3 05       		.byte	0x5
 620 02d4 B2       		.byte	0xb2
 621 02d5 52020000 		.4byte	0x252
 622 02d9 0D       		.uleb128 0xd
 623 02da DA020000 		.4byte	.LASF50
 624 02de 01       		.byte	0x1
 625 02df 05       		.byte	0x5
 626 02e0 00000000 		.4byte	.LFB63
 627 02e4 40000000 		.4byte	.LFE63-.LFB63
 628 02e8 01       		.uleb128 0x1
 629 02e9 9C       		.byte	0x9c
 630 02ea 0D       		.uleb128 0xd
 631 02eb 0E000000 		.4byte	.LASF51
 632 02ef 01       		.byte	0x1
 633 02f0 1B       		.byte	0x1b
 634 02f1 00000000 		.4byte	.LFB64
 635 02f5 2C000000 		.4byte	.LFE64-.LFB64
 636 02f9 01       		.uleb128 0x1
 637 02fa 9C       		.byte	0x9c
 638 02fb 0E       		.uleb128 0xe
 639 02fc 75000000 		.4byte	.LASF68
 640 0300 01       		.byte	0x1
 641 0301 30       		.byte	0x30
 642 0302 97000000 		.4byte	0x97
 643 0306 00000000 		.4byte	.LFB65
 644 030a 20000000 		.4byte	.LFE65-.LFB65
 645 030e 01       		.uleb128 0x1
 646 030f 9C       		.byte	0x9c
 647 0310 23030000 		.4byte	0x323
 648 0314 0F       		.uleb128 0xf
 649 0315 07000000 		.4byte	.LASF55
 650 0319 01       		.byte	0x1
ARM GAS  C:\DOCUME~1\Admin\LOCALS~1\Temp\cc9Su6J3.s 			page 14


 651 031a 32       		.byte	0x32
 652 031b 97000000 		.4byte	0x97
 653 031f 02       		.uleb128 0x2
 654 0320 91       		.byte	0x91
 655 0321 74       		.sleb128 -12
 656 0322 00       		.byte	0
 657 0323 0D       		.uleb128 0xd
 658 0324 66000000 		.4byte	.LASF52
 659 0328 01       		.byte	0x1
 660 0329 43       		.byte	0x43
 661 032a 00000000 		.4byte	.LFB66
 662 032e 14000000 		.4byte	.LFE66-.LFB66
 663 0332 01       		.uleb128 0x1
 664 0333 9C       		.byte	0x9c
 665 0334 10       		.uleb128 0x10
 666 0335 8B000000 		.4byte	.LASF69
 667 0339 01       		.byte	0x1
 668 033a 56       		.byte	0x56
 669 033b 00000000 		.4byte	.LFB67
 670 033f 2C000000 		.4byte	.LFE67-.LFB67
 671 0343 01       		.uleb128 0x1
 672 0344 9C       		.byte	0x9c
 673 0345 66030000 		.4byte	0x366
 674 0349 11       		.uleb128 0x11
 675 034a 88020000 		.4byte	.LASF53
 676 034e 01       		.byte	0x1
 677 034f 56       		.byte	0x56
 678 0350 66030000 		.4byte	0x366
 679 0354 02       		.uleb128 0x2
 680 0355 91       		.byte	0x91
 681 0356 6C       		.sleb128 -20
 682 0357 11       		.uleb128 0x11
 683 0358 1E030000 		.4byte	.LASF54
 684 035c 01       		.byte	0x1
 685 035d 56       		.byte	0x56
 686 035e 6C030000 		.4byte	0x36c
 687 0362 02       		.uleb128 0x2
 688 0363 91       		.byte	0x91
 689 0364 68       		.sleb128 -24
 690 0365 00       		.byte	0
 691 0366 0B       		.uleb128 0xb
 692 0367 04       		.byte	0x4
 693 0368 A2000000 		.4byte	0xa2
 694 036c 0B       		.uleb128 0xb
 695 036d 04       		.byte	0x4
 696 036e 97000000 		.4byte	0x97
 697 0372 0F       		.uleb128 0xf
 698 0373 91020000 		.4byte	.LASF56
 699 0377 06       		.byte	0x6
 700 0378 04       		.byte	0x4
 701 0379 8C000000 		.4byte	0x8c
 702 037d 05       		.uleb128 0x5
 703 037e 03       		.byte	0x3
 704 037f 00000000 		.4byte	minMs
 705 0383 0F       		.uleb128 0xf
 706 0384 5B010000 		.4byte	.LASF57
 707 0388 06       		.byte	0x6
ARM GAS  C:\DOCUME~1\Admin\LOCALS~1\Temp\cc9Su6J3.s 			page 15


 708 0389 05       		.byte	0x5
 709 038a 8C000000 		.4byte	0x8c
 710 038e 05       		.uleb128 0x5
 711 038f 03       		.byte	0x3
 712 0390 02000000 		.4byte	maxMs
 713 0394 0F       		.uleb128 0xf
 714 0395 9E020000 		.4byte	.LASF58
 715 0399 07       		.byte	0x7
 716 039a 0B       		.byte	0xb
 717 039b A2000000 		.4byte	0xa2
 718 039f 05       		.uleb128 0x5
 719 03a0 03       		.byte	0x3
 720 03a1 08000000 		.4byte	savedUnixTime
 721 03a5 0F       		.uleb128 0xf
 722 03a6 62020000 		.4byte	.LASF59
 723 03aa 07       		.byte	0x7
 724 03ab 0C       		.byte	0xc
 725 03ac 97000000 		.4byte	0x97
 726 03b0 05       		.uleb128 0x5
 727 03b1 03       		.byte	0x3
 728 03b2 10000000 		.4byte	savedRecentMs
 729 03b6 0F       		.uleb128 0xf
 730 03b7 B5000000 		.4byte	.LASF60
 731 03bb 07       		.byte	0x7
 732 03bc 0D       		.byte	0xd
 733 03bd 97000000 		.4byte	0x97
 734 03c1 05       		.uleb128 0x5
 735 03c2 03       		.byte	0x3
 736 03c3 14000000 		.4byte	gateOpen
 737 03c7 12       		.uleb128 0x12
 738 03c8 F5020000 		.4byte	.LASF61
 739 03cc 06       		.byte	0x6
 740 03cd 06       		.byte	0x6
 741 03ce 8C000000 		.4byte	0x8c
 742 03d2 05       		.uleb128 0x5
 743 03d3 03       		.byte	0x3
 744 03d4 00000000 		.4byte	tmpMs
 745 03d8 12       		.uleb128 0x12
 746 03d9 49020000 		.4byte	.LASF62
 747 03dd 08       		.byte	0x8
 748 03de 11       		.byte	0x11
 749 03df E7010000 		.4byte	0x1e7
 750 03e3 05       		.uleb128 0x5
 751 03e4 03       		.byte	0x3
 752 03e5 00000000 		.4byte	fatFs
 753 03e9 12       		.uleb128 0x12
 754 03ea B4020000 		.4byte	.LASF63
 755 03ee 08       		.byte	0x8
 756 03ef 12       		.byte	0x12
 757 03f0 CE020000 		.4byte	0x2ce
 758 03f4 05       		.uleb128 0x5
 759 03f5 03       		.byte	0x3
 760 03f6 00000000 		.4byte	fileO
 761 03fa 12       		.uleb128 0x12
 762 03fb 33010000 		.4byte	.LASF64
 763 03ff 08       		.byte	0x8
 764 0400 15       		.byte	0x15
ARM GAS  C:\DOCUME~1\Admin\LOCALS~1\Temp\cc9Su6J3.s 			page 16


 765 0401 DF000000 		.4byte	0xdf
 766 0405 05       		.uleb128 0x5
 767 0406 03       		.byte	0x3
 768 0407 00000000 		.4byte	createFlag
 769 040b 00       		.byte	0
 770              		.section	.debug_abbrev,"",%progbits
 771              	.Ldebug_abbrev0:
 772 0000 01       		.uleb128 0x1
 773 0001 11       		.uleb128 0x11
 774 0002 01       		.byte	0x1
 775 0003 25       		.uleb128 0x25
 776 0004 0E       		.uleb128 0xe
 777 0005 13       		.uleb128 0x13
 778 0006 0B       		.uleb128 0xb
 779 0007 03       		.uleb128 0x3
 780 0008 0E       		.uleb128 0xe
 781 0009 1B       		.uleb128 0x1b
 782 000a 0E       		.uleb128 0xe
 783 000b 55       		.uleb128 0x55
 784 000c 17       		.uleb128 0x17
 785 000d 11       		.uleb128 0x11
 786 000e 01       		.uleb128 0x1
 787 000f 10       		.uleb128 0x10
 788 0010 17       		.uleb128 0x17
 789 0011 00       		.byte	0
 790 0012 00       		.byte	0
 791 0013 02       		.uleb128 0x2
 792 0014 24       		.uleb128 0x24
 793 0015 00       		.byte	0
 794 0016 0B       		.uleb128 0xb
 795 0017 0B       		.uleb128 0xb
 796 0018 3E       		.uleb128 0x3e
 797 0019 0B       		.uleb128 0xb
 798 001a 03       		.uleb128 0x3
 799 001b 0E       		.uleb128 0xe
 800 001c 00       		.byte	0
 801 001d 00       		.byte	0
 802 001e 03       		.uleb128 0x3
 803 001f 16       		.uleb128 0x16
 804 0020 00       		.byte	0
 805 0021 03       		.uleb128 0x3
 806 0022 0E       		.uleb128 0xe
 807 0023 3A       		.uleb128 0x3a
 808 0024 0B       		.uleb128 0xb
 809 0025 3B       		.uleb128 0x3b
 810 0026 0B       		.uleb128 0xb
 811 0027 49       		.uleb128 0x49
 812 0028 13       		.uleb128 0x13
 813 0029 00       		.byte	0
 814 002a 00       		.byte	0
 815 002b 04       		.uleb128 0x4
 816 002c 24       		.uleb128 0x24
 817 002d 00       		.byte	0
 818 002e 0B       		.uleb128 0xb
 819 002f 0B       		.uleb128 0xb
 820 0030 3E       		.uleb128 0x3e
 821 0031 0B       		.uleb128 0xb
ARM GAS  C:\DOCUME~1\Admin\LOCALS~1\Temp\cc9Su6J3.s 			page 17


 822 0032 03       		.uleb128 0x3
 823 0033 08       		.uleb128 0x8
 824 0034 00       		.byte	0
 825 0035 00       		.byte	0
 826 0036 05       		.uleb128 0x5
 827 0037 13       		.uleb128 0x13
 828 0038 01       		.byte	0x1
 829 0039 0B       		.uleb128 0xb
 830 003a 05       		.uleb128 0x5
 831 003b 3A       		.uleb128 0x3a
 832 003c 0B       		.uleb128 0xb
 833 003d 3B       		.uleb128 0x3b
 834 003e 0B       		.uleb128 0xb
 835 003f 01       		.uleb128 0x1
 836 0040 13       		.uleb128 0x13
 837 0041 00       		.byte	0
 838 0042 00       		.byte	0
 839 0043 06       		.uleb128 0x6
 840 0044 0D       		.uleb128 0xd
 841 0045 00       		.byte	0
 842 0046 03       		.uleb128 0x3
 843 0047 0E       		.uleb128 0xe
 844 0048 3A       		.uleb128 0x3a
 845 0049 0B       		.uleb128 0xb
 846 004a 3B       		.uleb128 0x3b
 847 004b 0B       		.uleb128 0xb
 848 004c 49       		.uleb128 0x49
 849 004d 13       		.uleb128 0x13
 850 004e 38       		.uleb128 0x38
 851 004f 0B       		.uleb128 0xb
 852 0050 00       		.byte	0
 853 0051 00       		.byte	0
 854 0052 07       		.uleb128 0x7
 855 0053 0D       		.uleb128 0xd
 856 0054 00       		.byte	0
 857 0055 03       		.uleb128 0x3
 858 0056 08       		.uleb128 0x8
 859 0057 3A       		.uleb128 0x3a
 860 0058 0B       		.uleb128 0xb
 861 0059 3B       		.uleb128 0x3b
 862 005a 0B       		.uleb128 0xb
 863 005b 49       		.uleb128 0x49
 864 005c 13       		.uleb128 0x13
 865 005d 38       		.uleb128 0x38
 866 005e 0B       		.uleb128 0xb
 867 005f 00       		.byte	0
 868 0060 00       		.byte	0
 869 0061 08       		.uleb128 0x8
 870 0062 01       		.uleb128 0x1
 871 0063 01       		.byte	0x1
 872 0064 49       		.uleb128 0x49
 873 0065 13       		.uleb128 0x13
 874 0066 01       		.uleb128 0x1
 875 0067 13       		.uleb128 0x13
 876 0068 00       		.byte	0
 877 0069 00       		.byte	0
 878 006a 09       		.uleb128 0x9
ARM GAS  C:\DOCUME~1\Admin\LOCALS~1\Temp\cc9Su6J3.s 			page 18


 879 006b 21       		.uleb128 0x21
 880 006c 00       		.byte	0
 881 006d 49       		.uleb128 0x49
 882 006e 13       		.uleb128 0x13
 883 006f 2F       		.uleb128 0x2f
 884 0070 05       		.uleb128 0x5
 885 0071 00       		.byte	0
 886 0072 00       		.byte	0
 887 0073 0A       		.uleb128 0xa
 888 0074 13       		.uleb128 0x13
 889 0075 01       		.byte	0x1
 890 0076 0B       		.uleb128 0xb
 891 0077 0B       		.uleb128 0xb
 892 0078 3A       		.uleb128 0x3a
 893 0079 0B       		.uleb128 0xb
 894 007a 3B       		.uleb128 0x3b
 895 007b 0B       		.uleb128 0xb
 896 007c 01       		.uleb128 0x1
 897 007d 13       		.uleb128 0x13
 898 007e 00       		.byte	0
 899 007f 00       		.byte	0
 900 0080 0B       		.uleb128 0xb
 901 0081 0F       		.uleb128 0xf
 902 0082 00       		.byte	0
 903 0083 0B       		.uleb128 0xb
 904 0084 0B       		.uleb128 0xb
 905 0085 49       		.uleb128 0x49
 906 0086 13       		.uleb128 0x13
 907 0087 00       		.byte	0
 908 0088 00       		.byte	0
 909 0089 0C       		.uleb128 0xc
 910 008a 16       		.uleb128 0x16
 911 008b 00       		.byte	0
 912 008c 03       		.uleb128 0x3
 913 008d 08       		.uleb128 0x8
 914 008e 3A       		.uleb128 0x3a
 915 008f 0B       		.uleb128 0xb
 916 0090 3B       		.uleb128 0x3b
 917 0091 0B       		.uleb128 0xb
 918 0092 49       		.uleb128 0x49
 919 0093 13       		.uleb128 0x13
 920 0094 00       		.byte	0
 921 0095 00       		.byte	0
 922 0096 0D       		.uleb128 0xd
 923 0097 2E       		.uleb128 0x2e
 924 0098 00       		.byte	0
 925 0099 3F       		.uleb128 0x3f
 926 009a 19       		.uleb128 0x19
 927 009b 03       		.uleb128 0x3
 928 009c 0E       		.uleb128 0xe
 929 009d 3A       		.uleb128 0x3a
 930 009e 0B       		.uleb128 0xb
 931 009f 3B       		.uleb128 0x3b
 932 00a0 0B       		.uleb128 0xb
 933 00a1 27       		.uleb128 0x27
 934 00a2 19       		.uleb128 0x19
 935 00a3 11       		.uleb128 0x11
ARM GAS  C:\DOCUME~1\Admin\LOCALS~1\Temp\cc9Su6J3.s 			page 19


 936 00a4 01       		.uleb128 0x1
 937 00a5 12       		.uleb128 0x12
 938 00a6 06       		.uleb128 0x6
 939 00a7 40       		.uleb128 0x40
 940 00a8 18       		.uleb128 0x18
 941 00a9 9642     		.uleb128 0x2116
 942 00ab 19       		.uleb128 0x19
 943 00ac 00       		.byte	0
 944 00ad 00       		.byte	0
 945 00ae 0E       		.uleb128 0xe
 946 00af 2E       		.uleb128 0x2e
 947 00b0 01       		.byte	0x1
 948 00b1 3F       		.uleb128 0x3f
 949 00b2 19       		.uleb128 0x19
 950 00b3 03       		.uleb128 0x3
 951 00b4 0E       		.uleb128 0xe
 952 00b5 3A       		.uleb128 0x3a
 953 00b6 0B       		.uleb128 0xb
 954 00b7 3B       		.uleb128 0x3b
 955 00b8 0B       		.uleb128 0xb
 956 00b9 27       		.uleb128 0x27
 957 00ba 19       		.uleb128 0x19
 958 00bb 49       		.uleb128 0x49
 959 00bc 13       		.uleb128 0x13
 960 00bd 11       		.uleb128 0x11
 961 00be 01       		.uleb128 0x1
 962 00bf 12       		.uleb128 0x12
 963 00c0 06       		.uleb128 0x6
 964 00c1 40       		.uleb128 0x40
 965 00c2 18       		.uleb128 0x18
 966 00c3 9742     		.uleb128 0x2117
 967 00c5 19       		.uleb128 0x19
 968 00c6 01       		.uleb128 0x1
 969 00c7 13       		.uleb128 0x13
 970 00c8 00       		.byte	0
 971 00c9 00       		.byte	0
 972 00ca 0F       		.uleb128 0xf
 973 00cb 34       		.uleb128 0x34
 974 00cc 00       		.byte	0
 975 00cd 03       		.uleb128 0x3
 976 00ce 0E       		.uleb128 0xe
 977 00cf 3A       		.uleb128 0x3a
 978 00d0 0B       		.uleb128 0xb
 979 00d1 3B       		.uleb128 0x3b
 980 00d2 0B       		.uleb128 0xb
 981 00d3 49       		.uleb128 0x49
 982 00d4 13       		.uleb128 0x13
 983 00d5 02       		.uleb128 0x2
 984 00d6 18       		.uleb128 0x18
 985 00d7 00       		.byte	0
 986 00d8 00       		.byte	0
 987 00d9 10       		.uleb128 0x10
 988 00da 2E       		.uleb128 0x2e
 989 00db 01       		.byte	0x1
 990 00dc 3F       		.uleb128 0x3f
 991 00dd 19       		.uleb128 0x19
 992 00de 03       		.uleb128 0x3
ARM GAS  C:\DOCUME~1\Admin\LOCALS~1\Temp\cc9Su6J3.s 			page 20


 993 00df 0E       		.uleb128 0xe
 994 00e0 3A       		.uleb128 0x3a
 995 00e1 0B       		.uleb128 0xb
 996 00e2 3B       		.uleb128 0x3b
 997 00e3 0B       		.uleb128 0xb
 998 00e4 27       		.uleb128 0x27
 999 00e5 19       		.uleb128 0x19
 1000 00e6 11       		.uleb128 0x11
 1001 00e7 01       		.uleb128 0x1
 1002 00e8 12       		.uleb128 0x12
 1003 00e9 06       		.uleb128 0x6
 1004 00ea 40       		.uleb128 0x40
 1005 00eb 18       		.uleb128 0x18
 1006 00ec 9742     		.uleb128 0x2117
 1007 00ee 19       		.uleb128 0x19
 1008 00ef 01       		.uleb128 0x1
 1009 00f0 13       		.uleb128 0x13
 1010 00f1 00       		.byte	0
 1011 00f2 00       		.byte	0
 1012 00f3 11       		.uleb128 0x11
 1013 00f4 05       		.uleb128 0x5
 1014 00f5 00       		.byte	0
 1015 00f6 03       		.uleb128 0x3
 1016 00f7 0E       		.uleb128 0xe
 1017 00f8 3A       		.uleb128 0x3a
 1018 00f9 0B       		.uleb128 0xb
 1019 00fa 3B       		.uleb128 0x3b
 1020 00fb 0B       		.uleb128 0xb
 1021 00fc 49       		.uleb128 0x49
 1022 00fd 13       		.uleb128 0x13
 1023 00fe 02       		.uleb128 0x2
 1024 00ff 18       		.uleb128 0x18
 1025 0100 00       		.byte	0
 1026 0101 00       		.byte	0
 1027 0102 12       		.uleb128 0x12
 1028 0103 34       		.uleb128 0x34
 1029 0104 00       		.byte	0
 1030 0105 03       		.uleb128 0x3
 1031 0106 0E       		.uleb128 0xe
 1032 0107 3A       		.uleb128 0x3a
 1033 0108 0B       		.uleb128 0xb
 1034 0109 3B       		.uleb128 0x3b
 1035 010a 0B       		.uleb128 0xb
 1036 010b 49       		.uleb128 0x49
 1037 010c 13       		.uleb128 0x13
 1038 010d 3F       		.uleb128 0x3f
 1039 010e 19       		.uleb128 0x19
 1040 010f 02       		.uleb128 0x2
 1041 0110 18       		.uleb128 0x18
 1042 0111 00       		.byte	0
 1043 0112 00       		.byte	0
 1044 0113 00       		.byte	0
 1045              		.section	.debug_aranges,"",%progbits
 1046 0000 3C000000 		.4byte	0x3c
 1047 0004 0200     		.2byte	0x2
 1048 0006 00000000 		.4byte	.Ldebug_info0
 1049 000a 04       		.byte	0x4
ARM GAS  C:\DOCUME~1\Admin\LOCALS~1\Temp\cc9Su6J3.s 			page 21


 1050 000b 00       		.byte	0
 1051 000c 0000     		.2byte	0
 1052 000e 0000     		.2byte	0
 1053 0010 00000000 		.4byte	.LFB63
 1054 0014 40000000 		.4byte	.LFE63-.LFB63
 1055 0018 00000000 		.4byte	.LFB64
 1056 001c 2C000000 		.4byte	.LFE64-.LFB64
 1057 0020 00000000 		.4byte	.LFB65
 1058 0024 20000000 		.4byte	.LFE65-.LFB65
 1059 0028 00000000 		.4byte	.LFB66
 1060 002c 14000000 		.4byte	.LFE66-.LFB66
 1061 0030 00000000 		.4byte	.LFB67
 1062 0034 2C000000 		.4byte	.LFE67-.LFB67
 1063 0038 00000000 		.4byte	0
 1064 003c 00000000 		.4byte	0
 1065              		.section	.debug_ranges,"",%progbits
 1066              	.Ldebug_ranges0:
 1067 0000 00000000 		.4byte	.LFB63
 1068 0004 40000000 		.4byte	.LFE63
 1069 0008 00000000 		.4byte	.LFB64
 1070 000c 2C000000 		.4byte	.LFE64
 1071 0010 00000000 		.4byte	.LFB65
 1072 0014 20000000 		.4byte	.LFE65
 1073 0018 00000000 		.4byte	.LFB66
 1074 001c 14000000 		.4byte	.LFE66
 1075 0020 00000000 		.4byte	.LFB67
 1076 0024 2C000000 		.4byte	.LFE67
 1077 0028 00000000 		.4byte	0
 1078 002c 00000000 		.4byte	0
 1079              		.section	.debug_line,"",%progbits
 1080              	.Ldebug_line0:
 1081 0000 CB010000 		.section	.debug_str,"MS",%progbits,1
 1081      02006201 
 1081      00000201 
 1081      FB0E0D00 
 1081      01010101 
 1082              	.LASF24:
 1083 0000 6E5F6661 		.ascii	"n_fats\000"
 1083      747300
 1084              	.LASF55:
 1085 0007 72657375 		.ascii	"result\000"
 1085      6C7400
 1086              	.LASF51:
 1087 000e 47617465 		.ascii	"GateInit\000"
 1087      496E6974 
 1087      00
 1088              	.LASF23:
 1089 0017 66735F74 		.ascii	"fs_type\000"
 1089      79706500 
 1090              	.LASF67:
 1091 001f 633A5C43 		.ascii	"c:\\Cypress\\Mainline_v2\\Finish\\fin_v0.cydsn\000"
 1091      79707265 
 1091      73735C4D 
 1091      61696E6C 
 1091      696E655F 
 1092              	.LASF14:
 1093 004a 75696E74 		.ascii	"uint64_t\000"
ARM GAS  C:\DOCUME~1\Admin\LOCALS~1\Temp\cc9Su6J3.s 			page 22


 1093      36345F74 
 1093      00
 1094              	.LASF2:
 1095 0053 73686F72 		.ascii	"short int\000"
 1095      7420696E 
 1095      7400
 1096              	.LASF18:
 1097 005d 73697A65 		.ascii	"sizetype\000"
 1097      74797065 
 1097      00
 1098              	.LASF52:
 1099 0066 416C6C6F 		.ascii	"AllowNextSkier\000"
 1099      774E6578 
 1099      74536B69 
 1099      657200
 1100              	.LASF68:
 1101 0075 47617465 		.ascii	"GateIsOpen\000"
 1101      49734F70 
 1101      656E00
 1102              	.LASF6:
 1103 0080 5F5F7569 		.ascii	"__uint32_t\000"
 1103      6E743332 
 1103      5F7400
 1104              	.LASF69:
 1105 008b 47657446 		.ascii	"GetFinTime\000"
 1105      696E5469 
 1105      6D6500
 1106              	.LASF19:
 1107 0096 42595445 		.ascii	"BYTE\000"
 1107      00
 1108              	.LASF5:
 1109 009b 5F5F7569 		.ascii	"__uint16_t\000"
 1109      6E743136 
 1109      5F7400
 1110              	.LASF30:
 1111 00a6 66726565 		.ascii	"free_clst\000"
 1111      5F636C73 
 1111      7400
 1112              	.LASF20:
 1113 00b0 574F5244 		.ascii	"WORD\000"
 1113      00
 1114              	.LASF60:
 1115 00b5 67617465 		.ascii	"gateOpen\000"
 1115      4F70656E 
 1115      00
 1116              	.LASF45:
 1117 00be 66707472 		.ascii	"fptr\000"
 1117      00
 1118              	.LASF0:
 1119 00c3 7369676E 		.ascii	"signed char\000"
 1119      65642063 
 1119      68617200 
 1120              	.LASF15:
 1121 00cf 666C6F61 		.ascii	"float\000"
 1121      7400
 1122              	.LASF8:
 1123 00d5 6C6F6E67 		.ascii	"long long int\000"
ARM GAS  C:\DOCUME~1\Admin\LOCALS~1\Temp\cc9Su6J3.s 			page 23


 1123      206C6F6E 
 1123      6720696E 
 1123      7400
 1124              	.LASF42:
 1125 00e3 6F626A73 		.ascii	"objsize\000"
 1125      697A6500 
 1126              	.LASF4:
 1127 00eb 6C6F6E67 		.ascii	"long int\000"
 1127      20696E74 
 1127      00
 1128              	.LASF46:
 1129 00f4 636C7573 		.ascii	"clust\000"
 1129      7400
 1130              	.LASF28:
 1131 00fa 6373697A 		.ascii	"csize\000"
 1131      6500
 1132              	.LASF43:
 1133 0100 5F464449 		.ascii	"_FDID\000"
 1133      4400
 1134              	.LASF27:
 1135 0106 6E5F726F 		.ascii	"n_rootdir\000"
 1135      6F746469 
 1135      7200
 1136              	.LASF32:
 1137 0110 6673697A 		.ascii	"fsize\000"
 1137      6500
 1138              	.LASF21:
 1139 0116 44574F52 		.ascii	"DWORD\000"
 1139      4400
 1140              	.LASF26:
 1141 011c 6673695F 		.ascii	"fsi_flag\000"
 1141      666C6167 
 1141      00
 1142              	.LASF1:
 1143 0125 756E7369 		.ascii	"unsigned char\000"
 1143      676E6564 
 1143      20636861 
 1143      7200
 1144              	.LASF64:
 1145 0133 63726561 		.ascii	"createFlag\000"
 1145      7465466C 
 1145      616700
 1146              	.LASF25:
 1147 013e 77666C61 		.ascii	"wflag\000"
 1147      6700
 1148              	.LASF10:
 1149 0144 6C6F6E67 		.ascii	"long long unsigned int\000"
 1149      206C6F6E 
 1149      6720756E 
 1149      7369676E 
 1149      65642069 
 1150              	.LASF57:
 1151 015b 6D61784D 		.ascii	"maxMs\000"
 1151      7300
 1152              	.LASF13:
 1153 0161 75696E74 		.ascii	"uint32_t\000"
 1153      33325F74 
ARM GAS  C:\DOCUME~1\Admin\LOCALS~1\Temp\cc9Su6J3.s 			page 24


 1153      00
 1154              	.LASF11:
 1155 016a 756E7369 		.ascii	"unsigned int\000"
 1155      676E6564 
 1155      20696E74 
 1155      00
 1156              	.LASF12:
 1157 0177 75696E74 		.ascii	"uint16_t\000"
 1157      31365F74 
 1157      00
 1158              	.LASF36:
 1159 0180 64617461 		.ascii	"database\000"
 1159      62617365 
 1159      00
 1160              	.LASF29:
 1161 0189 6C617374 		.ascii	"last_clst\000"
 1161      5F636C73 
 1161      7400
 1162              	.LASF49:
 1163 0193 6469725F 		.ascii	"dir_ptr\000"
 1163      70747200 
 1164              	.LASF3:
 1165 019b 73686F72 		.ascii	"short unsigned int\000"
 1165      7420756E 
 1165      7369676E 
 1165      65642069 
 1165      6E7400
 1166              	.LASF17:
 1167 01ae 63686172 		.ascii	"char\000"
 1167      00
 1168              	.LASF34:
 1169 01b3 66617462 		.ascii	"fatbase\000"
 1169      61736500 
 1170              	.LASF65:
 1171 01bb 474E5520 		.ascii	"GNU C 4.9.3 20150303 (release) [ARM/embedded-4_9-br"
 1171      4320342E 
 1171      392E3320 
 1171      32303135 
 1171      30333033 
 1172 01ee 616E6368 		.ascii	"anch revision 221220] -mcpu=cortex-m0 -mthumb -g -O"
 1172      20726576 
 1172      6973696F 
 1172      6E203232 
 1172      31323230 
 1173 0221 30202D66 		.ascii	"0 -ffunction-sections -ffat-lto-objects\000"
 1173      66756E63 
 1173      74696F6E 
 1173      2D736563 
 1173      74696F6E 
 1174              	.LASF62:
 1175 0249 66617446 		.ascii	"fatFs\000"
 1175      7300
 1176              	.LASF22:
 1177 024f 4653495A 		.ascii	"FSIZE_t\000"
 1177      455F7400 
 1178              	.LASF9:
 1179 0257 5F5F7569 		.ascii	"__uint64_t\000"
ARM GAS  C:\DOCUME~1\Admin\LOCALS~1\Temp\cc9Su6J3.s 			page 25


 1179      6E743634 
 1179      5F7400
 1180              	.LASF59:
 1181 0262 73617665 		.ascii	"savedRecentMs\000"
 1181      64526563 
 1181      656E744D 
 1181      7300
 1182              	.LASF38:
 1183 0270 46415446 		.ascii	"FATFS\000"
 1183      5300
 1184              	.LASF7:
 1185 0276 6C6F6E67 		.ascii	"long unsigned int\000"
 1185      20756E73 
 1185      69676E65 
 1185      6420696E 
 1185      7400
 1186              	.LASF53:
 1187 0288 756E6978 		.ascii	"unixTime\000"
 1187      54696D65 
 1187      00
 1188              	.LASF56:
 1189 0291 6D696E4D 		.ascii	"minMs\000"
 1189      7300
 1190              	.LASF16:
 1191 0297 646F7562 		.ascii	"double\000"
 1191      6C6500
 1192              	.LASF58:
 1193 029e 73617665 		.ascii	"savedUnixTime\000"
 1193      64556E69 
 1193      7854696D 
 1193      6500
 1194              	.LASF35:
 1195 02ac 64697262 		.ascii	"dirbase\000"
 1195      61736500 
 1196              	.LASF63:
 1197 02b4 66696C65 		.ascii	"fileO\000"
 1197      4F00
 1198              	.LASF39:
 1199 02ba 61747472 		.ascii	"attr\000"
 1199      00
 1200              	.LASF31:
 1201 02bf 6E5F6661 		.ascii	"n_fatent\000"
 1201      74656E74 
 1201      00
 1202              	.LASF66:
 1203 02c8 2E5C6C69 		.ascii	".\\lib_Gate\\gate.c\000"
 1203      625F4761 
 1203      74655C67 
 1203      6174652E 
 1203      6300
 1204              	.LASF50:
 1205 02da 47415445 		.ascii	"GATE_INTERRUPT\000"
 1205      5F494E54 
 1205      45525255 
 1205      505400
 1206              	.LASF47:
 1207 02e9 73656374 		.ascii	"sect\000"
ARM GAS  C:\DOCUME~1\Admin\LOCALS~1\Temp\cc9Su6J3.s 			page 26


 1207      00
 1208              	.LASF41:
 1209 02ee 73636C75 		.ascii	"sclust\000"
 1209      737400
 1210              	.LASF61:
 1211 02f5 746D704D 		.ascii	"tmpMs\000"
 1211      7300
 1212              	.LASF44:
 1213 02fb 666C6167 		.ascii	"flag\000"
 1213      00
 1214              	.LASF40:
 1215 0300 73746174 		.ascii	"stat\000"
 1215      00
 1216              	.LASF33:
 1217 0305 766F6C62 		.ascii	"volbase\000"
 1217      61736500 
 1218              	.LASF37:
 1219 030d 77696E73 		.ascii	"winsect\000"
 1219      65637400 
 1220              	.LASF48:
 1221 0315 6469725F 		.ascii	"dir_sect\000"
 1221      73656374 
 1221      00
 1222              	.LASF54:
 1223 031e 72656365 		.ascii	"recentMs\000"
 1223      6E744D73 
 1223      00
 1224              		.ident	"GCC: (GNU Tools for ARM Embedded Processors) 4.9.3 20150303 (release) [ARM/embedded-4_9-br
=======
  25 0004 00000000 		.align	3
  26              	savedUnixTime:
  27 0008 00000000 		.space	8
  27      00000000 
  28              		.align	2
  29              	savedRecentMs:
  30 0010 00000000 		.space	4
  31              		.align	2
  32              	gateOpen:
  33 0014 00000000 		.space	4
  34              		.section	.text.GATE_INTERRUPT,"ax",%progbits
  35              		.align	2
  36              		.global	GATE_INTERRUPT
  37              		.code	16
  38              		.thumb_func
  39              		.type	GATE_INTERRUPT, %function
  40              	GATE_INTERRUPT:
  41              	.LFB63:
  42              		.file 1 ".\\lib_Gate\\gate.c"
   1:.\lib_Gate/gate.c **** #include "lib_Gate\gate.h"
   2:.\lib_Gate/gate.c **** #include <GatePin.h>
   3:.\lib_Gate/gate.c **** #include <GATE_INT.h>
   4:.\lib_Gate/gate.c **** #include "lib_RTC\RTC_WDT.h"
   5:.\lib_Gate/gate.c **** 
   6:.\lib_Gate/gate.c **** static uint64_t savedUnixTime;
   7:.\lib_Gate/gate.c **** static uint32_t savedRecentMs;
   8:.\lib_Gate/gate.c **** static uint32_t gateOpen ;
   9:.\lib_Gate/gate.c **** 
  10:.\lib_Gate/gate.c **** 
  11:.\lib_Gate/gate.c **** /*gate interrupt*/
  12:.\lib_Gate/gate.c **** CY_ISR(GATE_INTERRUPT)
  13:.\lib_Gate/gate.c **** {   
  43              		.loc 1 13 0
ARM GAS  C:\Users\Petro\AppData\Local\Temp\ccJQQH83.s 			page 2


  44              		.cfi_startproc
  45 0000 98B5     		push	{r3, r4, r7, lr}
  46              		.cfi_def_cfa_offset 16
  47              		.cfi_offset 3, -16
  48              		.cfi_offset 4, -12
  49              		.cfi_offset 7, -8
  50              		.cfi_offset 14, -4
  51 0002 00AF     		add	r7, sp, #0
  52              		.cfi_def_cfa_register 7
  14:.\lib_Gate/gate.c ****     GATE_INT_Disable();
  53              		.loc 1 14 0
  54 0004 FFF7FEFF 		bl	GATE_INT_Disable
  15:.\lib_Gate/gate.c ****     
  16:.\lib_Gate/gate.c ****     gateOpen = GATE_OPEN;    
  55              		.loc 1 16 0
  56 0008 094B     		ldr	r3, .L2
  57 000a 0122     		mov	r2, #1
  58 000c 1A60     		str	r2, [r3]
  17:.\lib_Gate/gate.c **** 
  18:.\lib_Gate/gate.c ****     savedUnixTime = RTCGetUnixTime();
  59              		.loc 1 18 0
  60 000e FFF7FEFF 		bl	RTCGetUnixTime
  61 0012 031C     		mov	r3, r0
  62 0014 0C1C     		mov	r4, r1
  63 0016 074A     		ldr	r2, .L2+4
  64 0018 1360     		str	r3, [r2]
  65 001a 5460     		str	r4, [r2, #4]
  19:.\lib_Gate/gate.c ****     savedRecentMs = RTCgetRecentMs();
  66              		.loc 1 19 0
  67 001c FFF7FEFF 		bl	RTCgetRecentMs
  68 0020 021C     		mov	r2, r0
  69 0022 054B     		ldr	r3, .L2+8
  70 0024 1A60     		str	r2, [r3]
  20:.\lib_Gate/gate.c ****     
  21:.\lib_Gate/gate.c ****     //GatePin_ClearInterrupt();
  22:.\lib_Gate/gate.c ****     GATE_INT_ClearPending();   
  71              		.loc 1 22 0
  72 0026 FFF7FEFF 		bl	GATE_INT_ClearPending
  23:.\lib_Gate/gate.c **** }
  73              		.loc 1 23 0
  74 002a BD46     		mov	sp, r7
  75              		@ sp needed
  76 002c 98BD     		pop	{r3, r4, r7, pc}
  77              	.L3:
  78 002e C046     		.align	2
  79              	.L2:
  80 0030 14000000 		.word	gateOpen
  81 0034 08000000 		.word	savedUnixTime
  82 0038 10000000 		.word	savedRecentMs
  83              		.cfi_endproc
  84              	.LFE63:
  85              		.size	GATE_INTERRUPT, .-GATE_INTERRUPT
  86              		.section	.text.GateInit,"ax",%progbits
  87              		.align	2
  88              		.global	GateInit
  89              		.code	16
  90              		.thumb_func
ARM GAS  C:\Users\Petro\AppData\Local\Temp\ccJQQH83.s 			page 3


  91              		.type	GateInit, %function
  92              	GateInit:
  93              	.LFB64:
  24:.\lib_Gate/gate.c **** 
  25:.\lib_Gate/gate.c **** /*******************************************************************************
  26:.\lib_Gate/gate.c **** * Function Name: GateInit
  27:.\lib_Gate/gate.c **** ********************************************************************************
  28:.\lib_Gate/gate.c **** *
  29:.\lib_Gate/gate.c **** * Summary:
  30:.\lib_Gate/gate.c **** *   inittilisation the gate pin
  31:.\lib_Gate/gate.c **** *   disable interrupt from gate
  32:.\lib_Gate/gate.c **** *
  33:.\lib_Gate/gate.c **** *******************************************************************************/
  34:.\lib_Gate/gate.c **** void GateInit(void)
  35:.\lib_Gate/gate.c **** {
  94              		.loc 1 35 0
  95              		.cfi_startproc
  96 0000 80B5     		push	{r7, lr}
  97              		.cfi_def_cfa_offset 8
  98              		.cfi_offset 7, -8
  99              		.cfi_offset 14, -4
 100 0002 00AF     		add	r7, sp, #0
 101              		.cfi_def_cfa_register 7
  36:.\lib_Gate/gate.c ****     //GatePin_ClearInterrupt();
  37:.\lib_Gate/gate.c ****     GATE_INT_ClearPending();
 102              		.loc 1 37 0
 103 0004 FFF7FEFF 		bl	GATE_INT_ClearPending
  38:.\lib_Gate/gate.c ****     GATE_INT_StartEx(GATE_INTERRUPT); 
 104              		.loc 1 38 0
 105 0008 054B     		ldr	r3, .L5
 106 000a 181C     		mov	r0, r3
 107 000c FFF7FEFF 		bl	GATE_INT_StartEx
  39:.\lib_Gate/gate.c ****     GATE_INT_Disable();
 108              		.loc 1 39 0
 109 0010 FFF7FEFF 		bl	GATE_INT_Disable
  40:.\lib_Gate/gate.c ****     
  41:.\lib_Gate/gate.c ****     gateOpen = GATE_CLOSE;     
 110              		.loc 1 41 0
 111 0014 034B     		ldr	r3, .L5+4
 112 0016 0022     		mov	r2, #0
 113 0018 1A60     		str	r2, [r3]
  42:.\lib_Gate/gate.c **** }
 114              		.loc 1 42 0
 115 001a BD46     		mov	sp, r7
 116              		@ sp needed
 117 001c 80BD     		pop	{r7, pc}
 118              	.L6:
 119 001e C046     		.align	2
 120              	.L5:
 121 0020 00000000 		.word	GATE_INTERRUPT
 122 0024 14000000 		.word	gateOpen
 123              		.cfi_endproc
 124              	.LFE64:
 125              		.size	GateInit, .-GateInit
 126              		.section	.text.GateIsOpen,"ax",%progbits
 127              		.align	2
 128              		.global	GateIsOpen
ARM GAS  C:\Users\Petro\AppData\Local\Temp\ccJQQH83.s 			page 4


 129              		.code	16
 130              		.thumb_func
 131              		.type	GateIsOpen, %function
 132              	GateIsOpen:
 133              	.LFB65:
  43:.\lib_Gate/gate.c **** 
  44:.\lib_Gate/gate.c **** 
  45:.\lib_Gate/gate.c **** /*******************************************************************************
  46:.\lib_Gate/gate.c **** * Function Name: GateOpen
  47:.\lib_Gate/gate.c **** ********************************************************************************
  48:.\lib_Gate/gate.c **** *
  49:.\lib_Gate/gate.c **** * Summary:
  50:.\lib_Gate/gate.c **** *  verification or gate closed
  51:.\lib_Gate/gate.c **** *
  52:.\lib_Gate/gate.c **** * Return:
  53:.\lib_Gate/gate.c **** *  GATE_CLOSE or GATE_OPEN
  54:.\lib_Gate/gate.c **** *******************************************************************************/
  55:.\lib_Gate/gate.c **** uint32_t GateIsOpen(void)
  56:.\lib_Gate/gate.c **** {   
 134              		.loc 1 56 0
 135              		.cfi_startproc
 136 0000 80B5     		push	{r7, lr}
 137              		.cfi_def_cfa_offset 8
 138              		.cfi_offset 7, -8
 139              		.cfi_offset 14, -4
 140 0002 82B0     		sub	sp, sp, #8
 141              		.cfi_def_cfa_offset 16
 142 0004 00AF     		add	r7, sp, #0
 143              		.cfi_def_cfa_register 7
  57:.\lib_Gate/gate.c ****     uint32_t result;
  58:.\lib_Gate/gate.c ****     
  59:.\lib_Gate/gate.c ****     result = gateOpen;
 144              		.loc 1 59 0
 145 0006 054B     		ldr	r3, .L9
 146 0008 1B68     		ldr	r3, [r3]
 147 000a 7B60     		str	r3, [r7, #4]
  60:.\lib_Gate/gate.c ****     gateOpen = GATE_CLOSE;
 148              		.loc 1 60 0
 149 000c 034B     		ldr	r3, .L9
 150 000e 0022     		mov	r2, #0
 151 0010 1A60     		str	r2, [r3]
  61:.\lib_Gate/gate.c ****     
  62:.\lib_Gate/gate.c ****     return result;
 152              		.loc 1 62 0
 153 0012 7B68     		ldr	r3, [r7, #4]
  63:.\lib_Gate/gate.c **** }
 154              		.loc 1 63 0
 155 0014 181C     		mov	r0, r3
 156 0016 BD46     		mov	sp, r7
 157 0018 02B0     		add	sp, sp, #8
 158              		@ sp needed
 159 001a 80BD     		pop	{r7, pc}
 160              	.L10:
 161              		.align	2
 162              	.L9:
 163 001c 14000000 		.word	gateOpen
 164              		.cfi_endproc
ARM GAS  C:\Users\Petro\AppData\Local\Temp\ccJQQH83.s 			page 5


 165              	.LFE65:
 166              		.size	GateIsOpen, .-GateIsOpen
 167              		.section	.text.AllowNextSkier,"ax",%progbits
 168              		.align	2
 169              		.global	AllowNextSkier
 170              		.code	16
 171              		.thumb_func
 172              		.type	AllowNextSkier, %function
 173              	AllowNextSkier:
 174              	.LFB66:
  64:.\lib_Gate/gate.c **** 
  65:.\lib_Gate/gate.c **** 
  66:.\lib_Gate/gate.c **** /*******************************************************************************
  67:.\lib_Gate/gate.c **** * Function Name: AllowNextSkier
  68:.\lib_Gate/gate.c **** ********************************************************************************
  69:.\lib_Gate/gate.c **** *
  70:.\lib_Gate/gate.c **** * Summary:
  71:.\lib_Gate/gate.c **** *   allow the new skier on way(enable gate interrupt)
  72:.\lib_Gate/gate.c **** *
  73:.\lib_Gate/gate.c **** *******************************************************************************/
  74:.\lib_Gate/gate.c **** void AllowNextSkier(void)
  75:.\lib_Gate/gate.c **** {
 175              		.loc 1 75 0
 176              		.cfi_startproc
 177 0000 80B5     		push	{r7, lr}
 178              		.cfi_def_cfa_offset 8
 179              		.cfi_offset 7, -8
 180              		.cfi_offset 14, -4
 181 0002 00AF     		add	r7, sp, #0
 182              		.cfi_def_cfa_register 7
  76:.\lib_Gate/gate.c ****     //GatePin_ClearInterrupt();
  77:.\lib_Gate/gate.c ****     GATE_INT_ClearPending();
 183              		.loc 1 77 0
 184 0004 FFF7FEFF 		bl	GATE_INT_ClearPending
  78:.\lib_Gate/gate.c ****     GATE_INT_Enable();
 185              		.loc 1 78 0
 186 0008 FFF7FEFF 		bl	GATE_INT_Enable
  79:.\lib_Gate/gate.c **** }
 187              		.loc 1 79 0
 188 000c BD46     		mov	sp, r7
 189              		@ sp needed
 190 000e 80BD     		pop	{r7, pc}
 191              		.cfi_endproc
 192              	.LFE66:
 193              		.size	AllowNextSkier, .-AllowNextSkier
 194              		.section	.text.DisAllowNextSkier,"ax",%progbits
 195              		.align	2
 196              		.global	DisAllowNextSkier
 197              		.code	16
 198              		.thumb_func
 199              		.type	DisAllowNextSkier, %function
 200              	DisAllowNextSkier:
 201              	.LFB67:
  80:.\lib_Gate/gate.c **** 
  81:.\lib_Gate/gate.c **** void DisAllowNextSkier(void)
  82:.\lib_Gate/gate.c **** {
 202              		.loc 1 82 0
ARM GAS  C:\Users\Petro\AppData\Local\Temp\ccJQQH83.s 			page 6


 203              		.cfi_startproc
 204 0000 80B5     		push	{r7, lr}
 205              		.cfi_def_cfa_offset 8
 206              		.cfi_offset 7, -8
 207              		.cfi_offset 14, -4
 208 0002 00AF     		add	r7, sp, #0
 209              		.cfi_def_cfa_register 7
  83:.\lib_Gate/gate.c ****     gateOpen = GATE_CLOSE;
 210              		.loc 1 83 0
 211 0004 054B     		ldr	r3, .L13
 212 0006 0022     		mov	r2, #0
 213 0008 1A60     		str	r2, [r3]
  84:.\lib_Gate/gate.c ****      
  85:.\lib_Gate/gate.c ****     GatePin_ClearInterrupt();
 214              		.loc 1 85 0
 215 000a FFF7FEFF 		bl	GatePin_ClearInterrupt
  86:.\lib_Gate/gate.c ****     GATE_INT_ClearPending();
 216              		.loc 1 86 0
 217 000e FFF7FEFF 		bl	GATE_INT_ClearPending
  87:.\lib_Gate/gate.c ****     GATE_INT_Disable();   
 218              		.loc 1 87 0
 219 0012 FFF7FEFF 		bl	GATE_INT_Disable
  88:.\lib_Gate/gate.c **** }
 220              		.loc 1 88 0
 221 0016 BD46     		mov	sp, r7
 222              		@ sp needed
 223 0018 80BD     		pop	{r7, pc}
 224              	.L14:
 225 001a C046     		.align	2
 226              	.L13:
 227 001c 14000000 		.word	gateOpen
 228              		.cfi_endproc
 229              	.LFE67:
 230              		.size	DisAllowNextSkier, .-DisAllowNextSkier
 231              		.section	.text.GetFinTime,"ax",%progbits
 232              		.align	2
 233              		.global	GetFinTime
 234              		.code	16
 235              		.thumb_func
 236              		.type	GetFinTime, %function
 237              	GetFinTime:
 238              	.LFB68:
  89:.\lib_Gate/gate.c **** 
  90:.\lib_Gate/gate.c **** /*******************************************************************************
  91:.\lib_Gate/gate.c **** * Function Name: GetFinTime
  92:.\lib_Gate/gate.c **** ********************************************************************************
  93:.\lib_Gate/gate.c **** *
  94:.\lib_Gate/gate.c **** * Summary:
  95:.\lib_Gate/gate.c **** *   reading recorded in the interruption time finish skier
  96:.\lib_Gate/gate.c **** * Parametrs:
  97:.\lib_Gate/gate.c **** *   *unixTime - pointer from unix time skier
  98:.\lib_Gate/gate.c **** *   *recentMs - pointer from miliseconds time
  99:.\lib_Gate/gate.c **** *
 100:.\lib_Gate/gate.c **** *******************************************************************************/
 101:.\lib_Gate/gate.c **** void GetFinTime(uint64_t *unixTime,  uint32_t *recentMs)
 102:.\lib_Gate/gate.c **** {
 239              		.loc 1 102 0
ARM GAS  C:\Users\Petro\AppData\Local\Temp\ccJQQH83.s 			page 7


 240              		.cfi_startproc
 241 0000 90B5     		push	{r4, r7, lr}
 242              		.cfi_def_cfa_offset 12
 243              		.cfi_offset 4, -12
 244              		.cfi_offset 7, -8
 245              		.cfi_offset 14, -4
 246 0002 83B0     		sub	sp, sp, #12
 247              		.cfi_def_cfa_offset 24
 248 0004 00AF     		add	r7, sp, #0
 249              		.cfi_def_cfa_register 7
 250 0006 7860     		str	r0, [r7, #4]
 251 0008 3960     		str	r1, [r7]
 103:.\lib_Gate/gate.c ****     *unixTime = savedUnixTime;
 252              		.loc 1 103 0
 253 000a 064B     		ldr	r3, .L16
 254 000c 5C68     		ldr	r4, [r3, #4]
 255 000e 1B68     		ldr	r3, [r3]
 256 0010 7A68     		ldr	r2, [r7, #4]
 257 0012 1360     		str	r3, [r2]
 258 0014 5460     		str	r4, [r2, #4]
 104:.\lib_Gate/gate.c ****     *recentMs = savedRecentMs;
 259              		.loc 1 104 0
 260 0016 044B     		ldr	r3, .L16+4
 261 0018 1A68     		ldr	r2, [r3]
 262 001a 3B68     		ldr	r3, [r7]
 263 001c 1A60     		str	r2, [r3]
 105:.\lib_Gate/gate.c **** }
 264              		.loc 1 105 0
 265 001e BD46     		mov	sp, r7
 266 0020 03B0     		add	sp, sp, #12
 267              		@ sp needed
 268 0022 90BD     		pop	{r4, r7, pc}
 269              	.L17:
 270              		.align	2
 271              	.L16:
 272 0024 08000000 		.word	savedUnixTime
 273 0028 10000000 		.word	savedRecentMs
 274              		.cfi_endproc
 275              	.LFE68:
 276              		.size	GetFinTime, .-GetFinTime
 277              		.text
 278              	.Letext0:
 279              		.file 2 "c:\\program files (x86)\\cypress\\psoc creator\\3.3\\psoc creator\\import\\gnu\\arm\\4.9.
 280              		.file 3 "c:\\program files (x86)\\cypress\\psoc creator\\3.3\\psoc creator\\import\\gnu\\arm\\4.9.
 281              		.file 4 "./debug.h"
 282              		.section	.debug_info,"",%progbits
 283              	.Ldebug_info0:
 284 0000 D6010000 		.4byte	0x1d6
 285 0004 0400     		.2byte	0x4
 286 0006 00000000 		.4byte	.Ldebug_abbrev0
 287 000a 04       		.byte	0x4
 288 000b 01       		.uleb128 0x1
 289 000c BD000000 		.4byte	.LASF31
 290 0010 01       		.byte	0x1
 291 0011 5F020000 		.4byte	.LASF32
 292 0015 83010000 		.4byte	.LASF33
 293 0019 00000000 		.4byte	.Ldebug_ranges0+0
ARM GAS  C:\Users\Petro\AppData\Local\Temp\ccJQQH83.s 			page 8


 294 001d 00000000 		.4byte	0
 295 0021 00000000 		.4byte	.Ldebug_line0
 296 0025 02       		.uleb128 0x2
 297 0026 01       		.byte	0x1
 298 0027 06       		.byte	0x6
 299 0028 53020000 		.4byte	.LASF0
 300 002c 02       		.uleb128 0x2
 301 002d 01       		.byte	0x1
 302 002e 08       		.byte	0x8
 303 002f 38000000 		.4byte	.LASF1
 304 0033 02       		.uleb128 0x2
 305 0034 02       		.byte	0x2
 306 0035 05       		.byte	0x5
 307 0036 1A020000 		.4byte	.LASF2
 308 003a 03       		.uleb128 0x3
 309 003b 8E000000 		.4byte	.LASF5
 310 003f 02       		.byte	0x2
 311 0040 2B       		.byte	0x2b
 312 0041 45000000 		.4byte	0x45
 313 0045 02       		.uleb128 0x2
 314 0046 02       		.byte	0x2
 315 0047 07       		.byte	0x7
 316 0048 75000000 		.4byte	.LASF3
 317 004c 02       		.uleb128 0x2
 318 004d 04       		.byte	0x4
 319 004e 05       		.byte	0x5
 320 004f 4A020000 		.4byte	.LASF4
 321 0053 03       		.uleb128 0x3
 322 0054 B2000000 		.4byte	.LASF6
 323 0058 02       		.byte	0x2
 324 0059 41       		.byte	0x41
 325 005a 5E000000 		.4byte	0x5e
 326 005e 02       		.uleb128 0x2
 327 005f 04       		.byte	0x4
 328 0060 07       		.byte	0x7
 329 0061 55000000 		.4byte	.LASF7
 330 0065 02       		.uleb128 0x2
 331 0066 08       		.byte	0x8
 332 0067 05       		.byte	0x5
 333 0068 07020000 		.4byte	.LASF8
 334 006c 03       		.uleb128 0x3
 335 006d 2D020000 		.4byte	.LASF9
 336 0071 02       		.byte	0x2
 337 0072 5B       		.byte	0x5b
 338 0073 77000000 		.4byte	0x77
 339 0077 02       		.uleb128 0x2
 340 0078 08       		.byte	0x8
 341 0079 07       		.byte	0x7
 342 007a 6C010000 		.4byte	.LASF10
 343 007e 04       		.uleb128 0x4
 344 007f 04       		.byte	0x4
 345 0080 05       		.byte	0x5
 346 0081 696E7400 		.ascii	"int\000"
 347 0085 02       		.uleb128 0x2
 348 0086 04       		.byte	0x4
 349 0087 07       		.byte	0x7
 350 0088 5F010000 		.4byte	.LASF11
ARM GAS  C:\Users\Petro\AppData\Local\Temp\ccJQQH83.s 			page 9


 351 008c 03       		.uleb128 0x3
 352 008d 38020000 		.4byte	.LASF12
 353 0091 03       		.byte	0x3
 354 0092 21       		.byte	0x21
 355 0093 3A000000 		.4byte	0x3a
 356 0097 03       		.uleb128 0x3
 357 0098 41020000 		.4byte	.LASF13
 358 009c 03       		.byte	0x3
 359 009d 2D       		.byte	0x2d
 360 009e 53000000 		.4byte	0x53
 361 00a2 03       		.uleb128 0x3
 362 00a3 29000000 		.4byte	.LASF14
 363 00a7 03       		.byte	0x3
 364 00a8 39       		.byte	0x39
 365 00a9 6C000000 		.4byte	0x6c
 366 00ad 02       		.uleb128 0x2
 367 00ae 04       		.byte	0x4
 368 00af 04       		.byte	0x4
 369 00b0 32000000 		.4byte	.LASF15
 370 00b4 02       		.uleb128 0x2
 371 00b5 08       		.byte	0x8
 372 00b6 04       		.byte	0x4
 373 00b7 99000000 		.4byte	.LASF16
 374 00bb 02       		.uleb128 0x2
 375 00bc 01       		.byte	0x1
 376 00bd 08       		.byte	0x8
 377 00be 15020000 		.4byte	.LASF17
 378 00c2 02       		.uleb128 0x2
 379 00c3 04       		.byte	0x4
 380 00c4 07       		.byte	0x7
 381 00c5 FE010000 		.4byte	.LASF18
 382 00c9 05       		.uleb128 0x5
 383 00ca 46000000 		.4byte	.LASF19
 384 00ce 01       		.byte	0x1
 385 00cf 0C       		.byte	0xc
 386 00d0 00000000 		.4byte	.LFB63
 387 00d4 3C000000 		.4byte	.LFE63-.LFB63
 388 00d8 01       		.uleb128 0x1
 389 00d9 9C       		.byte	0x9c
 390 00da 05       		.uleb128 0x5
 391 00db 24020000 		.4byte	.LASF20
 392 00df 01       		.byte	0x1
 393 00e0 22       		.byte	0x22
 394 00e1 00000000 		.4byte	.LFB64
 395 00e5 28000000 		.4byte	.LFE64-.LFB64
 396 00e9 01       		.uleb128 0x1
 397 00ea 9C       		.byte	0x9c
 398 00eb 06       		.uleb128 0x6
 399 00ec 0F000000 		.4byte	.LASF34
 400 00f0 01       		.byte	0x1
 401 00f1 37       		.byte	0x37
 402 00f2 97000000 		.4byte	0x97
 403 00f6 00000000 		.4byte	.LFB65
 404 00fa 20000000 		.4byte	.LFE65-.LFB65
 405 00fe 01       		.uleb128 0x1
 406 00ff 9C       		.byte	0x9c
 407 0100 13010000 		.4byte	0x113
ARM GAS  C:\Users\Petro\AppData\Local\Temp\ccJQQH83.s 			page 10


 408 0104 07       		.uleb128 0x7
 409 0105 EE010000 		.4byte	.LASF25
 410 0109 01       		.byte	0x1
 411 010a 39       		.byte	0x39
 412 010b 97000000 		.4byte	0x97
 413 010f 02       		.uleb128 0x2
 414 0110 91       		.byte	0x91
 415 0111 74       		.sleb128 -12
 416 0112 00       		.byte	0
 417 0113 05       		.uleb128 0x5
 418 0114 00000000 		.4byte	.LASF21
 419 0118 01       		.byte	0x1
 420 0119 4A       		.byte	0x4a
 421 011a 00000000 		.4byte	.LFB66
 422 011e 10000000 		.4byte	.LFE66-.LFB66
 423 0122 01       		.uleb128 0x1
 424 0123 9C       		.byte	0x9c
 425 0124 05       		.uleb128 0x5
 426 0125 A0000000 		.4byte	.LASF22
 427 0129 01       		.byte	0x1
 428 012a 51       		.byte	0x51
 429 012b 00000000 		.4byte	.LFB67
 430 012f 20000000 		.4byte	.LFE67-.LFB67
 431 0133 01       		.uleb128 0x1
 432 0134 9C       		.byte	0x9c
 433 0135 08       		.uleb128 0x8
 434 0136 E3010000 		.4byte	.LASF35
 435 013a 01       		.byte	0x1
 436 013b 65       		.byte	0x65
 437 013c 00000000 		.4byte	.LFB68
 438 0140 2C000000 		.4byte	.LFE68-.LFB68
 439 0144 01       		.uleb128 0x1
 440 0145 9C       		.byte	0x9c
 441 0146 67010000 		.4byte	0x167
 442 014a 09       		.uleb128 0x9
 443 014b 20000000 		.4byte	.LASF23
 444 014f 01       		.byte	0x1
 445 0150 65       		.byte	0x65
 446 0151 67010000 		.4byte	0x167
 447 0155 02       		.uleb128 0x2
 448 0156 91       		.byte	0x91
 449 0157 6C       		.sleb128 -20
 450 0158 09       		.uleb128 0x9
 451 0159 71020000 		.4byte	.LASF24
 452 015d 01       		.byte	0x1
 453 015e 65       		.byte	0x65
 454 015f 6D010000 		.4byte	0x16d
 455 0163 02       		.uleb128 0x2
 456 0164 91       		.byte	0x91
 457 0165 68       		.sleb128 -24
 458 0166 00       		.byte	0
 459 0167 0A       		.uleb128 0xa
 460 0168 04       		.byte	0x4
 461 0169 A2000000 		.4byte	0xa2
 462 016d 0A       		.uleb128 0xa
 463 016e 04       		.byte	0x4
 464 016f 97000000 		.4byte	0x97
ARM GAS  C:\Users\Petro\AppData\Local\Temp\ccJQQH83.s 			page 11


 465 0173 07       		.uleb128 0x7
 466 0174 88000000 		.4byte	.LASF26
 467 0178 04       		.byte	0x4
 468 0179 04       		.byte	0x4
 469 017a 8C000000 		.4byte	0x8c
 470 017e 05       		.uleb128 0x5
 471 017f 03       		.byte	0x3
 472 0180 00000000 		.4byte	minMs
 473 0184 07       		.uleb128 0x7
 474 0185 1A000000 		.4byte	.LASF27
 475 0189 04       		.byte	0x4
 476 018a 05       		.byte	0x5
 477 018b 8C000000 		.4byte	0x8c
 478 018f 05       		.uleb128 0x5
 479 0190 03       		.byte	0x3
 480 0191 02000000 		.4byte	maxMs
 481 0195 07       		.uleb128 0x7
 482 0196 4B010000 		.4byte	.LASF28
 483 019a 01       		.byte	0x1
 484 019b 06       		.byte	0x6
 485 019c A2000000 		.4byte	0xa2
 486 01a0 05       		.uleb128 0x5
 487 01a1 03       		.byte	0x3
 488 01a2 08000000 		.4byte	savedUnixTime
 489 01a6 07       		.uleb128 0x7
 490 01a7 67000000 		.4byte	.LASF29
 491 01ab 01       		.byte	0x1
 492 01ac 07       		.byte	0x7
 493 01ad 97000000 		.4byte	0x97
 494 01b1 05       		.uleb128 0x5
 495 01b2 03       		.byte	0x3
 496 01b3 10000000 		.4byte	savedRecentMs
 497 01b7 07       		.uleb128 0x7
 498 01b8 F5010000 		.4byte	.LASF30
 499 01bc 01       		.byte	0x1
 500 01bd 08       		.byte	0x8
 501 01be 97000000 		.4byte	0x97
 502 01c2 05       		.uleb128 0x5
 503 01c3 03       		.byte	0x3
 504 01c4 14000000 		.4byte	gateOpen
 505 01c8 0B       		.uleb128 0xb
 506 01c9 59010000 		.4byte	.LASF36
 507 01cd 04       		.byte	0x4
 508 01ce 06       		.byte	0x6
 509 01cf 8C000000 		.4byte	0x8c
 510 01d3 05       		.uleb128 0x5
 511 01d4 03       		.byte	0x3
 512 01d5 00000000 		.4byte	tmpMs
 513 01d9 00       		.byte	0
 514              		.section	.debug_abbrev,"",%progbits
 515              	.Ldebug_abbrev0:
 516 0000 01       		.uleb128 0x1
 517 0001 11       		.uleb128 0x11
 518 0002 01       		.byte	0x1
 519 0003 25       		.uleb128 0x25
 520 0004 0E       		.uleb128 0xe
 521 0005 13       		.uleb128 0x13
ARM GAS  C:\Users\Petro\AppData\Local\Temp\ccJQQH83.s 			page 12


 522 0006 0B       		.uleb128 0xb
 523 0007 03       		.uleb128 0x3
 524 0008 0E       		.uleb128 0xe
 525 0009 1B       		.uleb128 0x1b
 526 000a 0E       		.uleb128 0xe
 527 000b 55       		.uleb128 0x55
 528 000c 17       		.uleb128 0x17
 529 000d 11       		.uleb128 0x11
 530 000e 01       		.uleb128 0x1
 531 000f 10       		.uleb128 0x10
 532 0010 17       		.uleb128 0x17
 533 0011 00       		.byte	0
 534 0012 00       		.byte	0
 535 0013 02       		.uleb128 0x2
 536 0014 24       		.uleb128 0x24
 537 0015 00       		.byte	0
 538 0016 0B       		.uleb128 0xb
 539 0017 0B       		.uleb128 0xb
 540 0018 3E       		.uleb128 0x3e
 541 0019 0B       		.uleb128 0xb
 542 001a 03       		.uleb128 0x3
 543 001b 0E       		.uleb128 0xe
 544 001c 00       		.byte	0
 545 001d 00       		.byte	0
 546 001e 03       		.uleb128 0x3
 547 001f 16       		.uleb128 0x16
 548 0020 00       		.byte	0
 549 0021 03       		.uleb128 0x3
 550 0022 0E       		.uleb128 0xe
 551 0023 3A       		.uleb128 0x3a
 552 0024 0B       		.uleb128 0xb
 553 0025 3B       		.uleb128 0x3b
 554 0026 0B       		.uleb128 0xb
 555 0027 49       		.uleb128 0x49
 556 0028 13       		.uleb128 0x13
 557 0029 00       		.byte	0
 558 002a 00       		.byte	0
 559 002b 04       		.uleb128 0x4
 560 002c 24       		.uleb128 0x24
 561 002d 00       		.byte	0
 562 002e 0B       		.uleb128 0xb
 563 002f 0B       		.uleb128 0xb
 564 0030 3E       		.uleb128 0x3e
 565 0031 0B       		.uleb128 0xb
 566 0032 03       		.uleb128 0x3
 567 0033 08       		.uleb128 0x8
 568 0034 00       		.byte	0
 569 0035 00       		.byte	0
 570 0036 05       		.uleb128 0x5
 571 0037 2E       		.uleb128 0x2e
 572 0038 00       		.byte	0
 573 0039 3F       		.uleb128 0x3f
 574 003a 19       		.uleb128 0x19
 575 003b 03       		.uleb128 0x3
 576 003c 0E       		.uleb128 0xe
 577 003d 3A       		.uleb128 0x3a
 578 003e 0B       		.uleb128 0xb
ARM GAS  C:\Users\Petro\AppData\Local\Temp\ccJQQH83.s 			page 13


 579 003f 3B       		.uleb128 0x3b
 580 0040 0B       		.uleb128 0xb
 581 0041 27       		.uleb128 0x27
 582 0042 19       		.uleb128 0x19
 583 0043 11       		.uleb128 0x11
 584 0044 01       		.uleb128 0x1
 585 0045 12       		.uleb128 0x12
 586 0046 06       		.uleb128 0x6
 587 0047 40       		.uleb128 0x40
 588 0048 18       		.uleb128 0x18
 589 0049 9642     		.uleb128 0x2116
 590 004b 19       		.uleb128 0x19
 591 004c 00       		.byte	0
 592 004d 00       		.byte	0
 593 004e 06       		.uleb128 0x6
 594 004f 2E       		.uleb128 0x2e
 595 0050 01       		.byte	0x1
 596 0051 3F       		.uleb128 0x3f
 597 0052 19       		.uleb128 0x19
 598 0053 03       		.uleb128 0x3
 599 0054 0E       		.uleb128 0xe
 600 0055 3A       		.uleb128 0x3a
 601 0056 0B       		.uleb128 0xb
 602 0057 3B       		.uleb128 0x3b
 603 0058 0B       		.uleb128 0xb
 604 0059 27       		.uleb128 0x27
 605 005a 19       		.uleb128 0x19
 606 005b 49       		.uleb128 0x49
 607 005c 13       		.uleb128 0x13
 608 005d 11       		.uleb128 0x11
 609 005e 01       		.uleb128 0x1
 610 005f 12       		.uleb128 0x12
 611 0060 06       		.uleb128 0x6
 612 0061 40       		.uleb128 0x40
 613 0062 18       		.uleb128 0x18
 614 0063 9742     		.uleb128 0x2117
 615 0065 19       		.uleb128 0x19
 616 0066 01       		.uleb128 0x1
 617 0067 13       		.uleb128 0x13
 618 0068 00       		.byte	0
 619 0069 00       		.byte	0
 620 006a 07       		.uleb128 0x7
 621 006b 34       		.uleb128 0x34
 622 006c 00       		.byte	0
 623 006d 03       		.uleb128 0x3
 624 006e 0E       		.uleb128 0xe
 625 006f 3A       		.uleb128 0x3a
 626 0070 0B       		.uleb128 0xb
 627 0071 3B       		.uleb128 0x3b
 628 0072 0B       		.uleb128 0xb
 629 0073 49       		.uleb128 0x49
 630 0074 13       		.uleb128 0x13
 631 0075 02       		.uleb128 0x2
 632 0076 18       		.uleb128 0x18
 633 0077 00       		.byte	0
 634 0078 00       		.byte	0
 635 0079 08       		.uleb128 0x8
ARM GAS  C:\Users\Petro\AppData\Local\Temp\ccJQQH83.s 			page 14


 636 007a 2E       		.uleb128 0x2e
 637 007b 01       		.byte	0x1
 638 007c 3F       		.uleb128 0x3f
 639 007d 19       		.uleb128 0x19
 640 007e 03       		.uleb128 0x3
 641 007f 0E       		.uleb128 0xe
 642 0080 3A       		.uleb128 0x3a
 643 0081 0B       		.uleb128 0xb
 644 0082 3B       		.uleb128 0x3b
 645 0083 0B       		.uleb128 0xb
 646 0084 27       		.uleb128 0x27
 647 0085 19       		.uleb128 0x19
 648 0086 11       		.uleb128 0x11
 649 0087 01       		.uleb128 0x1
 650 0088 12       		.uleb128 0x12
 651 0089 06       		.uleb128 0x6
 652 008a 40       		.uleb128 0x40
 653 008b 18       		.uleb128 0x18
 654 008c 9742     		.uleb128 0x2117
 655 008e 19       		.uleb128 0x19
 656 008f 01       		.uleb128 0x1
 657 0090 13       		.uleb128 0x13
 658 0091 00       		.byte	0
 659 0092 00       		.byte	0
 660 0093 09       		.uleb128 0x9
 661 0094 05       		.uleb128 0x5
 662 0095 00       		.byte	0
 663 0096 03       		.uleb128 0x3
 664 0097 0E       		.uleb128 0xe
 665 0098 3A       		.uleb128 0x3a
 666 0099 0B       		.uleb128 0xb
 667 009a 3B       		.uleb128 0x3b
 668 009b 0B       		.uleb128 0xb
 669 009c 49       		.uleb128 0x49
 670 009d 13       		.uleb128 0x13
 671 009e 02       		.uleb128 0x2
 672 009f 18       		.uleb128 0x18
 673 00a0 00       		.byte	0
 674 00a1 00       		.byte	0
 675 00a2 0A       		.uleb128 0xa
 676 00a3 0F       		.uleb128 0xf
 677 00a4 00       		.byte	0
 678 00a5 0B       		.uleb128 0xb
 679 00a6 0B       		.uleb128 0xb
 680 00a7 49       		.uleb128 0x49
 681 00a8 13       		.uleb128 0x13
 682 00a9 00       		.byte	0
 683 00aa 00       		.byte	0
 684 00ab 0B       		.uleb128 0xb
 685 00ac 34       		.uleb128 0x34
 686 00ad 00       		.byte	0
 687 00ae 03       		.uleb128 0x3
 688 00af 0E       		.uleb128 0xe
 689 00b0 3A       		.uleb128 0x3a
 690 00b1 0B       		.uleb128 0xb
 691 00b2 3B       		.uleb128 0x3b
 692 00b3 0B       		.uleb128 0xb
ARM GAS  C:\Users\Petro\AppData\Local\Temp\ccJQQH83.s 			page 15


 693 00b4 49       		.uleb128 0x49
 694 00b5 13       		.uleb128 0x13
 695 00b6 3F       		.uleb128 0x3f
 696 00b7 19       		.uleb128 0x19
 697 00b8 02       		.uleb128 0x2
 698 00b9 18       		.uleb128 0x18
 699 00ba 00       		.byte	0
 700 00bb 00       		.byte	0
 701 00bc 00       		.byte	0
 702              		.section	.debug_aranges,"",%progbits
 703 0000 44000000 		.4byte	0x44
 704 0004 0200     		.2byte	0x2
 705 0006 00000000 		.4byte	.Ldebug_info0
 706 000a 04       		.byte	0x4
 707 000b 00       		.byte	0
 708 000c 0000     		.2byte	0
 709 000e 0000     		.2byte	0
 710 0010 00000000 		.4byte	.LFB63
 711 0014 3C000000 		.4byte	.LFE63-.LFB63
 712 0018 00000000 		.4byte	.LFB64
 713 001c 28000000 		.4byte	.LFE64-.LFB64
 714 0020 00000000 		.4byte	.LFB65
 715 0024 20000000 		.4byte	.LFE65-.LFB65
 716 0028 00000000 		.4byte	.LFB66
 717 002c 10000000 		.4byte	.LFE66-.LFB66
 718 0030 00000000 		.4byte	.LFB67
 719 0034 20000000 		.4byte	.LFE67-.LFB67
 720 0038 00000000 		.4byte	.LFB68
 721 003c 2C000000 		.4byte	.LFE68-.LFB68
 722 0040 00000000 		.4byte	0
 723 0044 00000000 		.4byte	0
 724              		.section	.debug_ranges,"",%progbits
 725              	.Ldebug_ranges0:
 726 0000 00000000 		.4byte	.LFB63
 727 0004 3C000000 		.4byte	.LFE63
 728 0008 00000000 		.4byte	.LFB64
 729 000c 28000000 		.4byte	.LFE64
 730 0010 00000000 		.4byte	.LFB65
 731 0014 20000000 		.4byte	.LFE65
 732 0018 00000000 		.4byte	.LFB66
 733 001c 10000000 		.4byte	.LFE66
 734 0020 00000000 		.4byte	.LFB67
 735 0024 20000000 		.4byte	.LFE67
 736 0028 00000000 		.4byte	.LFB68
 737 002c 2C000000 		.4byte	.LFE68
 738 0030 00000000 		.4byte	0
 739 0034 00000000 		.4byte	0
 740              		.section	.debug_line,"",%progbits
 741              	.Ldebug_line0:
 742 0000 AA010000 		.section	.debug_str,"MS",%progbits,1
 742      02002D01 
 742      00000201 
 742      FB0E0D00 
 742      01010101 
 743              	.LASF21:
 744 0000 416C6C6F 		.ascii	"AllowNextSkier\000"
 744      774E6578 
ARM GAS  C:\Users\Petro\AppData\Local\Temp\ccJQQH83.s 			page 16


 744      74536B69 
 744      657200
 745              	.LASF34:
 746 000f 47617465 		.ascii	"GateIsOpen\000"
 746      49734F70 
 746      656E00
 747              	.LASF27:
 748 001a 6D61784D 		.ascii	"maxMs\000"
 748      7300
 749              	.LASF23:
 750 0020 756E6978 		.ascii	"unixTime\000"
 750      54696D65 
 750      00
 751              	.LASF14:
 752 0029 75696E74 		.ascii	"uint64_t\000"
 752      36345F74 
 752      00
 753              	.LASF15:
 754 0032 666C6F61 		.ascii	"float\000"
 754      7400
 755              	.LASF1:
 756 0038 756E7369 		.ascii	"unsigned char\000"
 756      676E6564 
 756      20636861 
 756      7200
 757              	.LASF19:
 758 0046 47415445 		.ascii	"GATE_INTERRUPT\000"
 758      5F494E54 
 758      45525255 
 758      505400
 759              	.LASF7:
 760 0055 6C6F6E67 		.ascii	"long unsigned int\000"
 760      20756E73 
 760      69676E65 
 760      6420696E 
 760      7400
 761              	.LASF29:
 762 0067 73617665 		.ascii	"savedRecentMs\000"
 762      64526563 
 762      656E744D 
 762      7300
 763              	.LASF3:
 764 0075 73686F72 		.ascii	"short unsigned int\000"
 764      7420756E 
 764      7369676E 
 764      65642069 
 764      6E7400
 765              	.LASF26:
 766 0088 6D696E4D 		.ascii	"minMs\000"
 766      7300
 767              	.LASF5:
 768 008e 5F5F7569 		.ascii	"__uint16_t\000"
 768      6E743136 
 768      5F7400
 769              	.LASF16:
 770 0099 646F7562 		.ascii	"double\000"
 770      6C6500
ARM GAS  C:\Users\Petro\AppData\Local\Temp\ccJQQH83.s 			page 17


 771              	.LASF22:
 772 00a0 44697341 		.ascii	"DisAllowNextSkier\000"
 772      6C6C6F77 
 772      4E657874 
 772      536B6965 
 772      7200
 773              	.LASF6:
 774 00b2 5F5F7569 		.ascii	"__uint32_t\000"
 774      6E743332 
 774      5F7400
 775              	.LASF31:
 776 00bd 474E5520 		.ascii	"GNU C 4.9.3 20150303 (release) [ARM/embedded-4_9-br"
 776      4320342E 
 776      392E3320 
 776      32303135 
 776      30333033 
 777 00f0 616E6368 		.ascii	"anch revision 221220] -mcpu=cortex-m0 -mthumb -g -O"
 777      20726576 
 777      6973696F 
 777      6E203232 
 777      31323230 
 778 0123 30202D66 		.ascii	"0 -ffunction-sections -ffat-lto-objects\000"
 778      66756E63 
 778      74696F6E 
 778      2D736563 
 778      74696F6E 
 779              	.LASF28:
 780 014b 73617665 		.ascii	"savedUnixTime\000"
 780      64556E69 
 780      7854696D 
 780      6500
 781              	.LASF36:
 782 0159 746D704D 		.ascii	"tmpMs\000"
 782      7300
 783              	.LASF11:
 784 015f 756E7369 		.ascii	"unsigned int\000"
 784      676E6564 
 784      20696E74 
 784      00
 785              	.LASF10:
 786 016c 6C6F6E67 		.ascii	"long long unsigned int\000"
 786      206C6F6E 
 786      6720756E 
 786      7369676E 
 786      65642069 
 787              	.LASF33:
 788 0183 443A5C43 		.ascii	"D:\\Cypress\\system-start-finish\\vesion 2\\fw\\fin"
 788      79707265 
 788      73735C73 
 788      79737465 
 788      6D2D7374 
 789 01b1 6973685C 		.ascii	"ish\\sandbox\\v3\\Finish(state machine)\\fin_v0.cyd"
 789      73616E64 
 789      626F785C 
 789      76335C46 
 789      696E6973 
 790 01e0 736E00   		.ascii	"sn\000"
ARM GAS  C:\Users\Petro\AppData\Local\Temp\ccJQQH83.s 			page 18


 791              	.LASF35:
 792 01e3 47657446 		.ascii	"GetFinTime\000"
 792      696E5469 
 792      6D6500
 793              	.LASF25:
 794 01ee 72657375 		.ascii	"result\000"
 794      6C7400
 795              	.LASF30:
 796 01f5 67617465 		.ascii	"gateOpen\000"
 796      4F70656E 
 796      00
 797              	.LASF18:
 798 01fe 73697A65 		.ascii	"sizetype\000"
 798      74797065 
 798      00
 799              	.LASF8:
 800 0207 6C6F6E67 		.ascii	"long long int\000"
 800      206C6F6E 
 800      6720696E 
 800      7400
 801              	.LASF17:
 802 0215 63686172 		.ascii	"char\000"
 802      00
 803              	.LASF2:
 804 021a 73686F72 		.ascii	"short int\000"
 804      7420696E 
 804      7400
 805              	.LASF20:
 806 0224 47617465 		.ascii	"GateInit\000"
 806      496E6974 
 806      00
 807              	.LASF9:
 808 022d 5F5F7569 		.ascii	"__uint64_t\000"
 808      6E743634 
 808      5F7400
 809              	.LASF12:
 810 0238 75696E74 		.ascii	"uint16_t\000"
 810      31365F74 
 810      00
 811              	.LASF13:
 812 0241 75696E74 		.ascii	"uint32_t\000"
 812      33325F74 
 812      00
 813              	.LASF4:
 814 024a 6C6F6E67 		.ascii	"long int\000"
 814      20696E74 
 814      00
 815              	.LASF0:
 816 0253 7369676E 		.ascii	"signed char\000"
 816      65642063 
 816      68617200 
 817              	.LASF32:
 818 025f 2E5C6C69 		.ascii	".\\lib_Gate\\gate.c\000"
 818      625F4761 
 818      74655C67 
 818      6174652E 
 818      6300
ARM GAS  C:\Users\Petro\AppData\Local\Temp\ccJQQH83.s 			page 19


 819              	.LASF24:
 820 0271 72656365 		.ascii	"recentMs\000"
 820      6E744D73 
 820      00
 821              		.ident	"GCC: (GNU Tools for ARM Embedded Processors) 4.9.3 20150303 (release) [ARM/embedded-4_9-br
>>>>>>> kodizhuk/master
